#
# A fatal error has been detected by the Java Runtime Environment:
#
#  EXCEPTION_ACCESS_VIOLATION (0xc0000005) at pc=0x00007ffd4b455380, pid=27792, tid=23848
#
# JRE version: Java(TM) SE Runtime Environment (18.0.2.1+1) (build 18.0.2.1+1-1)
# Java VM: Java HotSpot(TM) 64-Bit Server VM (18.0.2.1+1-1, mixed mode, sharing, tiered, compressed oops, compressed class ptrs, g1 gc, windows-amd64)
# Problematic frame:
# C  [igxelpicd64.dll+0x15380]
#
# No core dump will be written. Minidumps are not enabled by default on client versions of Windows
#
# If you would like to submit a bug report, please visit:
#   https://bugreport.java.com/bugreport/crash.jsp
# The crash happened outside the Java Virtual Machine in native code.
# See problematic frame for where to report the bug.
#

---------------  S U M M A R Y ------------

Command Line: -Dfile.encoding=windows-1252 -Duser.country=US -Duser.language=en -Duser.variant com.jkachele.simulation.Main

Host: 12th Gen Intel(R) Core(TM) i7-12700H, 20 cores, 15G,  Windows 11 , 64 bit Build 22621 (10.0.22621.608)
Time: Mon Oct 31 17:11:01 2022 Eastern Daylight Time elapsed time: 0.462031 seconds (0d 0h 0m 0s)

---------------  T H R E A D  ---------------

Current thread (0x000001f50ae405f0):  JavaThread "GAME_LOOP_THREAD" [_thread_in_native, id=23848, stack(0x0000003ed9f00000,0x0000003eda000000)]

Stack: [0x0000003ed9f00000,0x0000003eda000000],  sp=0x0000003ed9ffe430,  free space=1017k
Native frames: (J=compiled Java code, j=interpreted, Vv=VM code, C=native code)
C  [igxelpicd64.dll+0x15380]

Java frames: (J=compiled Java code, j=interpreted, Vv=VM code)
j  org.lwjgl.opengl.GL11C.nglTexImage2D(IIIIIIIIJ)V+0
j  org.lwjgl.opengl.GL11C.glTexImage2D(IIIIIIIILjava/nio/FloatBuffer;)V+17
j  org.lwjgl.opengl.GL11.glTexImage2D(IIIIIIIILjava/nio/FloatBuffer;)V+14
j  com.jkachele.simulation.computeShader.Compute.setValues(Ljava/nio/FloatBuffer;)V+28
j  com.jkachele.simulation.engine.Scene.init()V+139
j  com.jkachele.simulation.engine.Engine.gameLoop()V+0
j  com.jkachele.simulation.engine.Engine.run()V+4
j  java.lang.Thread.run()V+11 java.base@18.0.2.1
v  ~StubRoutines::call_stub

siginfo: EXCEPTION_ACCESS_VIOLATION (0xc0000005), reading address 0x0000000000000010


Register to memory mapping:

RIP=0x00007ffd4b455380 igxelpicd64.dll
RAX=0x0 is NULL
RBX=0x0000003ed9ffe4f0 is pointing into the stack for thread: 0x000001f50ae405f0
RCX=0x0000000000000001 is an unknown value
RDX=0x0000000000000010 is an unknown value
RSP=0x0000003ed9ffe430 is pointing into the stack for thread: 0x000001f50ae405f0
RBP=0x0 is NULL
RSI=0x0000000000000010 is an unknown value
RDI=0x000001f50cab6000 points into unknown readable memory: 0x0000000000000000 | 00 00 00 00 00 00 00 00
R8 =0x00000000000000a0 is an unknown value
R9 =0x0 is NULL
R10=0x0 is NULL
R11=0x00000000000000a0 is an unknown value
R12=0x00007ffd4c40a3a0 igxelpicd64.dll
R13=0x0000000000000001 is an unknown value
R14=0x0000003ed9ffe670 is pointing into the stack for thread: 0x000001f50ae405f0
R15=0x000000000000004f is an unknown value


Registers:
RAX=0x0000000000000000, RBX=0x0000003ed9ffe4f0, RCX=0x0000000000000001, RDX=0x0000000000000010
RSP=0x0000003ed9ffe430, RBP=0x0000000000000000, RSI=0x0000000000000010, RDI=0x000001f50cab6000
R8 =0x00000000000000a0, R9 =0x0000000000000000, R10=0x0000000000000000, R11=0x00000000000000a0
R12=0x00007ffd4c40a3a0, R13=0x0000000000000001, R14=0x0000003ed9ffe670, R15=0x000000000000004f
RIP=0x00007ffd4b455380, EFLAGS=0x0000000000010202

Top of Stack: (sp=0x0000003ed9ffe430)
0x0000003ed9ffe430:   0000000000000000 0000000000000000
0x0000003ed9ffe440:   0000000000000000 0000000000000000
0x0000003ed9ffe450:   000001f50cab6000 00007ffd4b4b8bc2
0x0000003ed9ffe460:   000001f50b5faa00 0000000000000002
0x0000003ed9ffe470:   0000003ed9ffe670 0000000000000001
0x0000003ed9ffe480:   0000003ed9ffe670 00007ffd4b4b6821
0x0000003ed9ffe490:   000001f50cab6000 0000003ed9ffe590
0x0000003ed9ffe4a0:   0000000000000000 0000000000000100
0x0000003ed9ffe4b0:   40002d004000004f 0000000000000001
0x0000003ed9ffe4c0:   0000000000000010 0000000000000000
0x0000003ed9ffe4d0:   000001f50b238a40 0000000000000000
0x0000003ed9ffe4e0:   0000000000000002 000001f50b59b528
0x0000003ed9ffe4f0:   00007ffd4bfb33f8 000001f50b238a40
0x0000003ed9ffe500:   000000010000000a 0000004f00000000
0x0000003ed9ffe510:   000000a000000010 0000000000000010
0x0000003ed9ffe520:   00000010d9ff004f 000001f500000100 

Instructions: (pc=0x00007ffd4b455380)
0x00007ffd4b455280:   48 81 f9 00 10 00 00 76 0d 48 85 d2 74 08 45 8b
0x00007ffd4b455290:   c0 e8 0a 00 00 00 48 83 c4 28 c3 cc cc cc cc cc
0x00007ffd4b4552a0:   40 57 48 83 ec 20 45 33 d2 48 8b f9 49 83 f8 10
0x00007ffd4b4552b0:   0f 82 ae 00 00 00 83 e1 0f 0f 85 df 01 00 00 8b
0x00007ffd4b4552c0:   c1 45 8b ca 4c 2b c0 0f 29 74 24 10 49 8b c8 0f
0x00007ffd4b4552d0:   29 3c 24 48 c1 e9 07 f6 c2 0f 0f 84 94 00 00 00
0x00007ffd4b4552e0:   48 85 c9 74 6c 66 66 66 0f 1f 84 00 00 00 00 00
0x00007ffd4b4552f0:   f3 0f 6f 02 41 ff c1 f3 0f 6f 4a 10 41 8b c1 f3
0x00007ffd4b455300:   0f 6f 52 20 f3 0f 6f 5a 30 f3 0f 6f 62 40 f3 0f
0x00007ffd4b455310:   6f 6a 50 f3 0f 6f 72 60 f3 0f 6f 7a 70 66 0f e7
0x00007ffd4b455320:   07 66 0f e7 4f 10 66 0f e7 57 20 66 0f e7 5f 30
0x00007ffd4b455330:   66 0f e7 67 40 66 0f e7 6f 50 66 0f e7 77 60 66
0x00007ffd4b455340:   0f e7 7f 70 48 83 ef 80 48 83 ea 80 48 3b c1 72
0x00007ffd4b455350:   9f 41 83 e0 7f 0f 85 0e 01 00 00 0f 28 74 24 10
0x00007ffd4b455360:   0f 28 3c 24 41 83 e0 0f 0f 85 b0 00 00 00 48 83
0x00007ffd4b455370:   c4 20 5f c3 48 85 c9 74 68 0f 1f 80 00 00 00 00
0x00007ffd4b455380:   f3 0f 6f 02 41 ff c1 f3 0f 6f 4a 10 f3 0f 6f 52
0x00007ffd4b455390:   20 f3 0f 6f 5a 30 f3 0f 6f 62 40 f3 0f 6f 6a 50
0x00007ffd4b4553a0:   f3 0f 6f 72 60 f3 0f 6f 7a 70 48 83 ea 80 66 0f
0x00007ffd4b4553b0:   e7 07 66 0f e7 4f 10 66 0f e7 57 20 66 0f e7 5f
0x00007ffd4b4553c0:   30 66 0f e7 67 40 66 0f e7 6f 50 66 0f e7 77 60
0x00007ffd4b4553d0:   66 0f e7 7f 70 48 83 ef 80 41 8b c1 48 3b c1 72
0x00007ffd4b4553e0:   9f 41 83 e0 7f 0f 84 70 ff ff ff 45 8b c8 41 8b
0x00007ffd4b4553f0:   ca 49 c1 e9 04 4d 85 c9 0f 84 5d ff ff ff 66 90
0x00007ffd4b455400:   f3 0f 6f 02 ff c1 66 0f e7 07 48 83 c7 10 8b c1
0x00007ffd4b455410:   48 83 c2 10 49 3b c1 72 e7 e9 3d ff ff ff 4d 8b
0x00007ffd4b455420:   c8 41 8b ca 49 c1 e9 02 4d 85 c9 74 15 8b 02 ff
0x00007ffd4b455430:   c1 89 07 48 83 c2 04 48 83 c7 04 8b c1 49 3b c1
0x00007ffd4b455440:   72 eb 41 83 e0 03 0f 86 22 ff ff ff 48 2b d7 0f
0x00007ffd4b455450:   b6 04 3a 41 ff c2 88 07 48 8d 7f 01 41 8b c2 49
0x00007ffd4b455460:   3b c0 72 eb e9 05 ff ff ff 4d 8b c8 41 8b ca 49
0x00007ffd4b455470:   c1 e9 04 4d 85 c9 0f 84 df fe ff ff 0f 1f 40 00 


Stack slot to memory mapping:
stack at sp + 0 slots: 0x0 is NULL
stack at sp + 1 slots: 0x0 is NULL
stack at sp + 2 slots: 0x0 is NULL
stack at sp + 3 slots: 0x0 is NULL
stack at sp + 4 slots: 0x000001f50cab6000 points into unknown readable memory: 0x0000000000000000 | 00 00 00 00 00 00 00 00
stack at sp + 5 slots: 0x00007ffd4b4b8bc2 igxelpicd64.dll
stack at sp + 6 slots: 0x000001f50b5faa00 points into unknown readable memory: 0x000001f50b210f50 | 50 0f 21 0b f5 01 00 00
stack at sp + 7 slots: 0x0000000000000002 is an unknown value


---------------  P R O C E S S  ---------------

Threads class SMR info:
_java_thread_list=0x000001f50ae3ad90, length=16, elements={
0x000001f5064eb0d0, 0x000001f5064eba70, 0x000001f506507db0, 0x000001f506508660,
0x000001f506509210, 0x000001f50650a3d0, 0x000001f50650d0b0, 0x000001f5065160b0,
0x000001f50651a3a0, 0x000001f50ae061d0, 0x000001f50ae06720, 0x000001f50ae07140,
0x000001f50ae38140, 0x000001f50ae3c900, 0x000001f50ae405f0, 0x000001f562ea1ef0
}

Java Threads: ( => current thread )
  0x000001f5064eb0d0 JavaThread "Reference Handler" daemon [_thread_blocked, id=3472, stack(0x0000003ed9000000,0x0000003ed9100000)]
  0x000001f5064eba70 JavaThread "Finalizer" daemon [_thread_blocked, id=15756, stack(0x0000003ed9100000,0x0000003ed9200000)]
  0x000001f506507db0 JavaThread "Signal Dispatcher" daemon [_thread_blocked, id=12952, stack(0x0000003ed9200000,0x0000003ed9300000)]
  0x000001f506508660 JavaThread "Attach Listener" daemon [_thread_blocked, id=29228, stack(0x0000003ed9300000,0x0000003ed9400000)]
  0x000001f506509210 JavaThread "Service Thread" daemon [_thread_blocked, id=29296, stack(0x0000003ed9400000,0x0000003ed9500000)]
  0x000001f50650a3d0 JavaThread "Monitor Deflation Thread" daemon [_thread_blocked, id=28816, stack(0x0000003ed9500000,0x0000003ed9600000)]
  0x000001f50650d0b0 JavaThread "C2 CompilerThread0" daemon [_thread_blocked, id=26440, stack(0x0000003ed9600000,0x0000003ed9700000)]
  0x000001f5065160b0 JavaThread "C1 CompilerThread0" daemon [_thread_blocked, id=16752, stack(0x0000003ed9700000,0x0000003ed9800000)]
  0x000001f50651a3a0 JavaThread "Sweeper thread" daemon [_thread_blocked, id=19068, stack(0x0000003ed9800000,0x0000003ed9900000)]
  0x000001f50ae061d0 JavaThread "C1 CompilerThread1" daemon [_thread_blocked, id=27580, stack(0x0000003ed9900000,0x0000003ed9a00000)]
  0x000001f50ae06720 JavaThread "C1 CompilerThread2" daemon [_thread_blocked, id=10228, stack(0x0000003ed9a00000,0x0000003ed9b00000)]
  0x000001f50ae07140 JavaThread "C1 CompilerThread3" daemon [_thread_blocked, id=9752, stack(0x0000003ed9b00000,0x0000003ed9c00000)]
  0x000001f50ae38140 JavaThread "Notification Thread" daemon [_thread_blocked, id=24064, stack(0x0000003ed9c00000,0x0000003ed9d00000)]
  0x000001f50ae3c900 JavaThread "Common-Cleaner" daemon [_thread_blocked, id=23268, stack(0x0000003ed9e00000,0x0000003ed9f00000)]
=>0x000001f50ae405f0 JavaThread "GAME_LOOP_THREAD" [_thread_in_native, id=23848, stack(0x0000003ed9f00000,0x0000003eda000000)]
  0x000001f562ea1ef0 JavaThread "DestroyJavaVM" [_thread_blocked, id=17436, stack(0x0000003ed8900000,0x0000003ed8a00000)]

Other Threads:
  0x000001f562f533d0 VMThread "VM Thread" [stack: 0x0000003ed8f00000,0x0000003ed9000000] [id=28048]
  0x000001f50ae3b8b0 WatcherThread "VM Periodic Task Thread" [stack: 0x0000003ed9d00000,0x0000003ed9e00000] [id=23224]
  0x000001f562f10430 WorkerThread "GC Thread#0" [stack: 0x0000003ed8a00000,0x0000003ed8b00000] [id=4872]
  0x000001f562f20ee0 ConcurrentGCThread "G1 Main Marker" [stack: 0x0000003ed8b00000,0x0000003ed8c00000] [id=11760]
  0x000001f562f218d0 WorkerThread "G1 Conc#0" [stack: 0x0000003ed8c00000,0x0000003ed8d00000] [id=27496]
  0x000001f5063a2450 ConcurrentGCThread "G1 Refine#0" [stack: 0x0000003ed8d00000,0x0000003ed8e00000] [id=24792]
  0x000001f5063a3c10 ConcurrentGCThread "G1 Service" [stack: 0x0000003ed8e00000,0x0000003ed8f00000] [id=14828]

Threads with active compile tasks:

VM state: not at safepoint (normal execution)

VM Mutex/Monitor currently owned by a thread: None

Heap address: 0x0000000704800000, size: 4024 MB, Compressed Oops mode: Zero based, Oop shift amount: 3

CDS archive(s) mapped at: [0x0000000800000000-0x0000000800ba0000-0x0000000800ba0000), size 12189696, SharedBaseAddress: 0x0000000800000000, ArchiveRelocationMode: 0.
Compressed class space mapped at: 0x0000000800c00000-0x0000000840c00000, reserved size: 1073741824
Narrow klass base: 0x0000000800000000, Narrow klass shift: 0, Narrow klass range: 0x100000000

GC Precious Log:
 CardTable entry size: 512
 Card Set container configuration: InlinePtr #cards 4 size 8 Array Of Cards #cards 16 size 48 Howl #buckets 8 coarsen threshold 3686 Howl Bitmap #cards 512 size 80 coarsen threshold 460 Card regions per heap region 1 cards per card region 4096
 CPUs: 20 total, 20 available
 Memory: 16095M
 Large Page Support: Disabled
 NUMA Support: Disabled
 Compressed Oops: Enabled (Zero based)
 Heap Region Size: 2M
 Heap Min Capacity: 8M
 Heap Initial Capacity: 252M
 Heap Max Capacity: 4024M
 Pre-touch: Disabled
 Parallel Workers: 15
 Concurrent Workers: 4
 Concurrent Refinement Workers: 15
 Periodic GC: Disabled

Heap:
 garbage-first heap   total 258048K, used 10240K [0x0000000704800000, 0x0000000800000000)
  region size 2048K, 6 young (12288K), 0 survivors (0K)
 Metaspace       used 3853K, committed 4096K, reserved 1114112K
  class space    used 181K, committed 320K, reserved 1048576K

Heap Regions: E=young(eden), S=young(survivor), O=old, HS=humongous(starts), HC=humongous(continues), CS=collection set, F=free, OA=open archive, CA=closed archive, TAMS=top-at-mark-start (previous, next)
|   0|0x0000000704800000, 0x0000000704800000, 0x0000000704a00000|  0%| F|  |TAMS 0x0000000704800000, 0x0000000704800000| Untracked 
|   1|0x0000000704a00000, 0x0000000704a00000, 0x0000000704c00000|  0%| F|  |TAMS 0x0000000704a00000, 0x0000000704a00000| Untracked 
|   2|0x0000000704c00000, 0x0000000704c00000, 0x0000000704e00000|  0%| F|  |TAMS 0x0000000704c00000, 0x0000000704c00000| Untracked 
|   3|0x0000000704e00000, 0x0000000704e00000, 0x0000000705000000|  0%| F|  |TAMS 0x0000000704e00000, 0x0000000704e00000| Untracked 
|   4|0x0000000705000000, 0x0000000705000000, 0x0000000705200000|  0%| F|  |TAMS 0x0000000705000000, 0x0000000705000000| Untracked 
|   5|0x0000000705200000, 0x0000000705200000, 0x0000000705400000|  0%| F|  |TAMS 0x0000000705200000, 0x0000000705200000| Untracked 
|   6|0x0000000705400000, 0x0000000705400000, 0x0000000705600000|  0%| F|  |TAMS 0x0000000705400000, 0x0000000705400000| Untracked 
|   7|0x0000000705600000, 0x0000000705600000, 0x0000000705800000|  0%| F|  |TAMS 0x0000000705600000, 0x0000000705600000| Untracked 
|   8|0x0000000705800000, 0x0000000705800000, 0x0000000705a00000|  0%| F|  |TAMS 0x0000000705800000, 0x0000000705800000| Untracked 
|   9|0x0000000705a00000, 0x0000000705a00000, 0x0000000705c00000|  0%| F|  |TAMS 0x0000000705a00000, 0x0000000705a00000| Untracked 
|  10|0x0000000705c00000, 0x0000000705c00000, 0x0000000705e00000|  0%| F|  |TAMS 0x0000000705c00000, 0x0000000705c00000| Untracked 
|  11|0x0000000705e00000, 0x0000000705e00000, 0x0000000706000000|  0%| F|  |TAMS 0x0000000705e00000, 0x0000000705e00000| Untracked 
|  12|0x0000000706000000, 0x0000000706000000, 0x0000000706200000|  0%| F|  |TAMS 0x0000000706000000, 0x0000000706000000| Untracked 
|  13|0x0000000706200000, 0x0000000706200000, 0x0000000706400000|  0%| F|  |TAMS 0x0000000706200000, 0x0000000706200000| Untracked 
|  14|0x0000000706400000, 0x0000000706400000, 0x0000000706600000|  0%| F|  |TAMS 0x0000000706400000, 0x0000000706400000| Untracked 
|  15|0x0000000706600000, 0x0000000706600000, 0x0000000706800000|  0%| F|  |TAMS 0x0000000706600000, 0x0000000706600000| Untracked 
|  16|0x0000000706800000, 0x0000000706800000, 0x0000000706a00000|  0%| F|  |TAMS 0x0000000706800000, 0x0000000706800000| Untracked 
|  17|0x0000000706a00000, 0x0000000706a00000, 0x0000000706c00000|  0%| F|  |TAMS 0x0000000706a00000, 0x0000000706a00000| Untracked 
|  18|0x0000000706c00000, 0x0000000706c00000, 0x0000000706e00000|  0%| F|  |TAMS 0x0000000706c00000, 0x0000000706c00000| Untracked 
|  19|0x0000000706e00000, 0x0000000706e00000, 0x0000000707000000|  0%| F|  |TAMS 0x0000000706e00000, 0x0000000706e00000| Untracked 
|  20|0x0000000707000000, 0x0000000707000000, 0x0000000707200000|  0%| F|  |TAMS 0x0000000707000000, 0x0000000707000000| Untracked 
|  21|0x0000000707200000, 0x0000000707200000, 0x0000000707400000|  0%| F|  |TAMS 0x0000000707200000, 0x0000000707200000| Untracked 
|  22|0x0000000707400000, 0x0000000707400000, 0x0000000707600000|  0%| F|  |TAMS 0x0000000707400000, 0x0000000707400000| Untracked 
|  23|0x0000000707600000, 0x0000000707600000, 0x0000000707800000|  0%| F|  |TAMS 0x0000000707600000, 0x0000000707600000| Untracked 
|  24|0x0000000707800000, 0x0000000707800000, 0x0000000707a00000|  0%| F|  |TAMS 0x0000000707800000, 0x0000000707800000| Untracked 
|  25|0x0000000707a00000, 0x0000000707a00000, 0x0000000707c00000|  0%| F|  |TAMS 0x0000000707a00000, 0x0000000707a00000| Untracked 
|  26|0x0000000707c00000, 0x0000000707c00000, 0x0000000707e00000|  0%| F|  |TAMS 0x0000000707c00000, 0x0000000707c00000| Untracked 
|  27|0x0000000707e00000, 0x0000000707e00000, 0x0000000708000000|  0%| F|  |TAMS 0x0000000707e00000, 0x0000000707e00000| Untracked 
|  28|0x0000000708000000, 0x0000000708000000, 0x0000000708200000|  0%| F|  |TAMS 0x0000000708000000, 0x0000000708000000| Untracked 
|  29|0x0000000708200000, 0x0000000708200000, 0x0000000708400000|  0%| F|  |TAMS 0x0000000708200000, 0x0000000708200000| Untracked 
|  30|0x0000000708400000, 0x0000000708400000, 0x0000000708600000|  0%| F|  |TAMS 0x0000000708400000, 0x0000000708400000| Untracked 
|  31|0x0000000708600000, 0x0000000708600000, 0x0000000708800000|  0%| F|  |TAMS 0x0000000708600000, 0x0000000708600000| Untracked 
|  32|0x0000000708800000, 0x0000000708800000, 0x0000000708a00000|  0%| F|  |TAMS 0x0000000708800000, 0x0000000708800000| Untracked 
|  33|0x0000000708a00000, 0x0000000708a00000, 0x0000000708c00000|  0%| F|  |TAMS 0x0000000708a00000, 0x0000000708a00000| Untracked 
|  34|0x0000000708c00000, 0x0000000708c00000, 0x0000000708e00000|  0%| F|  |TAMS 0x0000000708c00000, 0x0000000708c00000| Untracked 
|  35|0x0000000708e00000, 0x0000000708e00000, 0x0000000709000000|  0%| F|  |TAMS 0x0000000708e00000, 0x0000000708e00000| Untracked 
|  36|0x0000000709000000, 0x0000000709000000, 0x0000000709200000|  0%| F|  |TAMS 0x0000000709000000, 0x0000000709000000| Untracked 
|  37|0x0000000709200000, 0x0000000709200000, 0x0000000709400000|  0%| F|  |TAMS 0x0000000709200000, 0x0000000709200000| Untracked 
|  38|0x0000000709400000, 0x0000000709400000, 0x0000000709600000|  0%| F|  |TAMS 0x0000000709400000, 0x0000000709400000| Untracked 
|  39|0x0000000709600000, 0x0000000709600000, 0x0000000709800000|  0%| F|  |TAMS 0x0000000709600000, 0x0000000709600000| Untracked 
|  40|0x0000000709800000, 0x0000000709800000, 0x0000000709a00000|  0%| F|  |TAMS 0x0000000709800000, 0x0000000709800000| Untracked 
|  41|0x0000000709a00000, 0x0000000709a00000, 0x0000000709c00000|  0%| F|  |TAMS 0x0000000709a00000, 0x0000000709a00000| Untracked 
|  42|0x0000000709c00000, 0x0000000709c00000, 0x0000000709e00000|  0%| F|  |TAMS 0x0000000709c00000, 0x0000000709c00000| Untracked 
|  43|0x0000000709e00000, 0x0000000709e00000, 0x000000070a000000|  0%| F|  |TAMS 0x0000000709e00000, 0x0000000709e00000| Untracked 
|  44|0x000000070a000000, 0x000000070a000000, 0x000000070a200000|  0%| F|  |TAMS 0x000000070a000000, 0x000000070a000000| Untracked 
|  45|0x000000070a200000, 0x000000070a200000, 0x000000070a400000|  0%| F|  |TAMS 0x000000070a200000, 0x000000070a200000| Untracked 
|  46|0x000000070a400000, 0x000000070a400000, 0x000000070a600000|  0%| F|  |TAMS 0x000000070a400000, 0x000000070a400000| Untracked 
|  47|0x000000070a600000, 0x000000070a600000, 0x000000070a800000|  0%| F|  |TAMS 0x000000070a600000, 0x000000070a600000| Untracked 
|  48|0x000000070a800000, 0x000000070a800000, 0x000000070aa00000|  0%| F|  |TAMS 0x000000070a800000, 0x000000070a800000| Untracked 
|  49|0x000000070aa00000, 0x000000070aa00000, 0x000000070ac00000|  0%| F|  |TAMS 0x000000070aa00000, 0x000000070aa00000| Untracked 
|  50|0x000000070ac00000, 0x000000070ac00000, 0x000000070ae00000|  0%| F|  |TAMS 0x000000070ac00000, 0x000000070ac00000| Untracked 
|  51|0x000000070ae00000, 0x000000070ae00000, 0x000000070b000000|  0%| F|  |TAMS 0x000000070ae00000, 0x000000070ae00000| Untracked 
|  52|0x000000070b000000, 0x000000070b000000, 0x000000070b200000|  0%| F|  |TAMS 0x000000070b000000, 0x000000070b000000| Untracked 
|  53|0x000000070b200000, 0x000000070b200000, 0x000000070b400000|  0%| F|  |TAMS 0x000000070b200000, 0x000000070b200000| Untracked 
|  54|0x000000070b400000, 0x000000070b400000, 0x000000070b600000|  0%| F|  |TAMS 0x000000070b400000, 0x000000070b400000| Untracked 
|  55|0x000000070b600000, 0x000000070b600000, 0x000000070b800000|  0%| F|  |TAMS 0x000000070b600000, 0x000000070b600000| Untracked 
|  56|0x000000070b800000, 0x000000070b800000, 0x000000070ba00000|  0%| F|  |TAMS 0x000000070b800000, 0x000000070b800000| Untracked 
|  57|0x000000070ba00000, 0x000000070ba00000, 0x000000070bc00000|  0%| F|  |TAMS 0x000000070ba00000, 0x000000070ba00000| Untracked 
|  58|0x000000070bc00000, 0x000000070bc00000, 0x000000070be00000|  0%| F|  |TAMS 0x000000070bc00000, 0x000000070bc00000| Untracked 
|  59|0x000000070be00000, 0x000000070be00000, 0x000000070c000000|  0%| F|  |TAMS 0x000000070be00000, 0x000000070be00000| Untracked 
|  60|0x000000070c000000, 0x000000070c000000, 0x000000070c200000|  0%| F|  |TAMS 0x000000070c000000, 0x000000070c000000| Untracked 
|  61|0x000000070c200000, 0x000000070c200000, 0x000000070c400000|  0%| F|  |TAMS 0x000000070c200000, 0x000000070c200000| Untracked 
|  62|0x000000070c400000, 0x000000070c400000, 0x000000070c600000|  0%| F|  |TAMS 0x000000070c400000, 0x000000070c400000| Untracked 
|  63|0x000000070c600000, 0x000000070c600000, 0x000000070c800000|  0%| F|  |TAMS 0x000000070c600000, 0x000000070c600000| Untracked 
|  64|0x000000070c800000, 0x000000070c800000, 0x000000070ca00000|  0%| F|  |TAMS 0x000000070c800000, 0x000000070c800000| Untracked 
|  65|0x000000070ca00000, 0x000000070ca00000, 0x000000070cc00000|  0%| F|  |TAMS 0x000000070ca00000, 0x000000070ca00000| Untracked 
|  66|0x000000070cc00000, 0x000000070cc00000, 0x000000070ce00000|  0%| F|  |TAMS 0x000000070cc00000, 0x000000070cc00000| Untracked 
|  67|0x000000070ce00000, 0x000000070ce00000, 0x000000070d000000|  0%| F|  |TAMS 0x000000070ce00000, 0x000000070ce00000| Untracked 
|  68|0x000000070d000000, 0x000000070d000000, 0x000000070d200000|  0%| F|  |TAMS 0x000000070d000000, 0x000000070d000000| Untracked 
|  69|0x000000070d200000, 0x000000070d200000, 0x000000070d400000|  0%| F|  |TAMS 0x000000070d200000, 0x000000070d200000| Untracked 
|  70|0x000000070d400000, 0x000000070d400000, 0x000000070d600000|  0%| F|  |TAMS 0x000000070d400000, 0x000000070d400000| Untracked 
|  71|0x000000070d600000, 0x000000070d600000, 0x000000070d800000|  0%| F|  |TAMS 0x000000070d600000, 0x000000070d600000| Untracked 
|  72|0x000000070d800000, 0x000000070d800000, 0x000000070da00000|  0%| F|  |TAMS 0x000000070d800000, 0x000000070d800000| Untracked 
|  73|0x000000070da00000, 0x000000070da00000, 0x000000070dc00000|  0%| F|  |TAMS 0x000000070da00000, 0x000000070da00000| Untracked 
|  74|0x000000070dc00000, 0x000000070dc00000, 0x000000070de00000|  0%| F|  |TAMS 0x000000070dc00000, 0x000000070dc00000| Untracked 
|  75|0x000000070de00000, 0x000000070de00000, 0x000000070e000000|  0%| F|  |TAMS 0x000000070de00000, 0x000000070de00000| Untracked 
|  76|0x000000070e000000, 0x000000070e000000, 0x000000070e200000|  0%| F|  |TAMS 0x000000070e000000, 0x000000070e000000| Untracked 
|  77|0x000000070e200000, 0x000000070e200000, 0x000000070e400000|  0%| F|  |TAMS 0x000000070e200000, 0x000000070e200000| Untracked 
|  78|0x000000070e400000, 0x000000070e400000, 0x000000070e600000|  0%| F|  |TAMS 0x000000070e400000, 0x000000070e400000| Untracked 
|  79|0x000000070e600000, 0x000000070e600000, 0x000000070e800000|  0%| F|  |TAMS 0x000000070e600000, 0x000000070e600000| Untracked 
|  80|0x000000070e800000, 0x000000070e800000, 0x000000070ea00000|  0%| F|  |TAMS 0x000000070e800000, 0x000000070e800000| Untracked 
|  81|0x000000070ea00000, 0x000000070ea00000, 0x000000070ec00000|  0%| F|  |TAMS 0x000000070ea00000, 0x000000070ea00000| Untracked 
|  82|0x000000070ec00000, 0x000000070ec00000, 0x000000070ee00000|  0%| F|  |TAMS 0x000000070ec00000, 0x000000070ec00000| Untracked 
|  83|0x000000070ee00000, 0x000000070ee00000, 0x000000070f000000|  0%| F|  |TAMS 0x000000070ee00000, 0x000000070ee00000| Untracked 
|  84|0x000000070f000000, 0x000000070f000000, 0x000000070f200000|  0%| F|  |TAMS 0x000000070f000000, 0x000000070f000000| Untracked 
|  85|0x000000070f200000, 0x000000070f200000, 0x000000070f400000|  0%| F|  |TAMS 0x000000070f200000, 0x000000070f200000| Untracked 
|  86|0x000000070f400000, 0x000000070f400000, 0x000000070f600000|  0%| F|  |TAMS 0x000000070f400000, 0x000000070f400000| Untracked 
|  87|0x000000070f600000, 0x000000070f600000, 0x000000070f800000|  0%| F|  |TAMS 0x000000070f600000, 0x000000070f600000| Untracked 
|  88|0x000000070f800000, 0x000000070f800000, 0x000000070fa00000|  0%| F|  |TAMS 0x000000070f800000, 0x000000070f800000| Untracked 
|  89|0x000000070fa00000, 0x000000070fa00000, 0x000000070fc00000|  0%| F|  |TAMS 0x000000070fa00000, 0x000000070fa00000| Untracked 
|  90|0x000000070fc00000, 0x000000070fc00000, 0x000000070fe00000|  0%| F|  |TAMS 0x000000070fc00000, 0x000000070fc00000| Untracked 
|  91|0x000000070fe00000, 0x000000070fe00000, 0x0000000710000000|  0%| F|  |TAMS 0x000000070fe00000, 0x000000070fe00000| Untracked 
|  92|0x0000000710000000, 0x0000000710000000, 0x0000000710200000|  0%| F|  |TAMS 0x0000000710000000, 0x0000000710000000| Untracked 
|  93|0x0000000710200000, 0x0000000710200000, 0x0000000710400000|  0%| F|  |TAMS 0x0000000710200000, 0x0000000710200000| Untracked 
|  94|0x0000000710400000, 0x0000000710400000, 0x0000000710600000|  0%| F|  |TAMS 0x0000000710400000, 0x0000000710400000| Untracked 
|  95|0x0000000710600000, 0x0000000710600000, 0x0000000710800000|  0%| F|  |TAMS 0x0000000710600000, 0x0000000710600000| Untracked 
|  96|0x0000000710800000, 0x0000000710800000, 0x0000000710a00000|  0%| F|  |TAMS 0x0000000710800000, 0x0000000710800000| Untracked 
|  97|0x0000000710a00000, 0x0000000710a00000, 0x0000000710c00000|  0%| F|  |TAMS 0x0000000710a00000, 0x0000000710a00000| Untracked 
|  98|0x0000000710c00000, 0x0000000710c00000, 0x0000000710e00000|  0%| F|  |TAMS 0x0000000710c00000, 0x0000000710c00000| Untracked 
|  99|0x0000000710e00000, 0x0000000710e00000, 0x0000000711000000|  0%| F|  |TAMS 0x0000000710e00000, 0x0000000710e00000| Untracked 
| 100|0x0000000711000000, 0x0000000711000000, 0x0000000711200000|  0%| F|  |TAMS 0x0000000711000000, 0x0000000711000000| Untracked 
| 101|0x0000000711200000, 0x0000000711200000, 0x0000000711400000|  0%| F|  |TAMS 0x0000000711200000, 0x0000000711200000| Untracked 
| 102|0x0000000711400000, 0x0000000711400000, 0x0000000711600000|  0%| F|  |TAMS 0x0000000711400000, 0x0000000711400000| Untracked 
| 103|0x0000000711600000, 0x0000000711600000, 0x0000000711800000|  0%| F|  |TAMS 0x0000000711600000, 0x0000000711600000| Untracked 
| 104|0x0000000711800000, 0x0000000711800000, 0x0000000711a00000|  0%| F|  |TAMS 0x0000000711800000, 0x0000000711800000| Untracked 
| 105|0x0000000711a00000, 0x0000000711a00000, 0x0000000711c00000|  0%| F|  |TAMS 0x0000000711a00000, 0x0000000711a00000| Untracked 
| 106|0x0000000711c00000, 0x0000000711c00000, 0x0000000711e00000|  0%| F|  |TAMS 0x0000000711c00000, 0x0000000711c00000| Untracked 
| 107|0x0000000711e00000, 0x0000000711e00000, 0x0000000712000000|  0%| F|  |TAMS 0x0000000711e00000, 0x0000000711e00000| Untracked 
| 108|0x0000000712000000, 0x0000000712000000, 0x0000000712200000|  0%| F|  |TAMS 0x0000000712000000, 0x0000000712000000| Untracked 
| 109|0x0000000712200000, 0x0000000712200000, 0x0000000712400000|  0%| F|  |TAMS 0x0000000712200000, 0x0000000712200000| Untracked 
| 110|0x0000000712400000, 0x0000000712400000, 0x0000000712600000|  0%| F|  |TAMS 0x0000000712400000, 0x0000000712400000| Untracked 
| 111|0x0000000712600000, 0x0000000712600000, 0x0000000712800000|  0%| F|  |TAMS 0x0000000712600000, 0x0000000712600000| Untracked 
| 112|0x0000000712800000, 0x0000000712800000, 0x0000000712a00000|  0%| F|  |TAMS 0x0000000712800000, 0x0000000712800000| Untracked 
| 113|0x0000000712a00000, 0x0000000712a00000, 0x0000000712c00000|  0%| F|  |TAMS 0x0000000712a00000, 0x0000000712a00000| Untracked 
| 114|0x0000000712c00000, 0x0000000712c00000, 0x0000000712e00000|  0%| F|  |TAMS 0x0000000712c00000, 0x0000000712c00000| Untracked 
| 115|0x0000000712e00000, 0x0000000712e00000, 0x0000000713000000|  0%| F|  |TAMS 0x0000000712e00000, 0x0000000712e00000| Untracked 
| 116|0x0000000713000000, 0x0000000713000000, 0x0000000713200000|  0%| F|  |TAMS 0x0000000713000000, 0x0000000713000000| Untracked 
| 117|0x0000000713200000, 0x0000000713200000, 0x0000000713400000|  0%| F|  |TAMS 0x0000000713200000, 0x0000000713200000| Untracked 
| 118|0x0000000713400000, 0x0000000713400000, 0x0000000713600000|  0%| F|  |TAMS 0x0000000713400000, 0x0000000713400000| Untracked 
| 119|0x0000000713600000, 0x0000000713600000, 0x0000000713800000|  0%| F|  |TAMS 0x0000000713600000, 0x0000000713600000| Untracked 
| 120|0x0000000713800000, 0x0000000713873258, 0x0000000713a00000| 22%| E|  |TAMS 0x0000000713800000, 0x0000000713800000| Complete 
| 121|0x0000000713a00000, 0x0000000713c00000, 0x0000000713c00000|100%| E|CS|TAMS 0x0000000713a00000, 0x0000000713a00000| Complete 
| 122|0x0000000713c00000, 0x0000000713e00000, 0x0000000713e00000|100%| E|CS|TAMS 0x0000000713c00000, 0x0000000713c00000| Complete 
| 123|0x0000000713e00000, 0x0000000714000000, 0x0000000714000000|100%| E|CS|TAMS 0x0000000713e00000, 0x0000000713e00000| Complete 
| 124|0x0000000714000000, 0x0000000714200000, 0x0000000714200000|100%| E|CS|TAMS 0x0000000714000000, 0x0000000714000000| Complete 
| 125|0x0000000714200000, 0x0000000714400000, 0x0000000714400000|100%| E|CS|TAMS 0x0000000714200000, 0x0000000714200000| Complete 

Card table byte_map: [0x000001f57aa60000,0x000001f57b240000] _byte_map_base: 0x000001f57723c000

Marking Bits (Prev, Next): (CMBitMap*) 0x000001f562f10a30, (CMBitMap*) 0x000001f562f10a70
 Prev Bits: [0x000001f57ba20000, 0x000001f57f900000)
 Next Bits: [0x000001f500000000, 0x000001f503ee0000)

Polling page: 0x000001f560dc0000

Metaspace:

Usage:
  Non-class:      3.59 MB used.
      Class:    181.24 KB used.
       Both:      3.76 MB used.

Virtual space:
  Non-class space:       64.00 MB reserved,       3.69 MB (  6%) committed,  1 nodes.
      Class space:        1.00 GB reserved,     320.00 KB ( <1%) committed,  1 nodes.
             Both:        1.06 GB reserved,       4.00 MB ( <1%) committed. 

Chunk freelists:
   Non-Class:  1.47 MB
       Class:  3.61 MB
        Both:  5.08 MB

MaxMetaspaceSize: unlimited
CompressedClassSpaceSize: 1.00 GB
Initial GC threshold: 21.00 MB
Current GC threshold: 21.00 MB
CDS: on
MetaspaceReclaimPolicy: balanced
 - commit_granule_bytes: 65536.
 - commit_granule_words: 8192.
 - virtual_space_node_default_size: 8388608.
 - enlarge_chunks_in_place: 1.
 - new_chunks_are_fully_committed: 0.
 - uncommit_free_chunks: 1.
 - use_allocation_guard: 0.


Internal statistics:

num_allocs_failed_limit: 0.
num_arena_births: 86.
num_arena_deaths: 0.
num_vsnodes_births: 2.
num_vsnodes_deaths: 0.
num_space_committed: 62.
num_space_uncommitted: 0.
num_chunks_returned_to_freelist: 0.
num_chunks_taken_from_freelist: 209.
num_chunk_merges: 0.
num_chunk_splits: 131.
num_chunks_enlarged: 92.
num_inconsistent_stats: 0.

CodeHeap 'non-profiled nmethods': size=119168Kb used=182Kb max_used=182Kb free=118985Kb
 bounds [0x000001f572370000, 0x000001f5725e0000, 0x000001f5797d0000]
CodeHeap 'profiled nmethods': size=119104Kb used=974Kb max_used=974Kb free=118129Kb
 bounds [0x000001f56af20000, 0x000001f56b190000, 0x000001f572370000]
CodeHeap 'non-nmethods': size=7488Kb used=3257Kb max_used=3257Kb free=4230Kb
 bounds [0x000001f56a7d0000, 0x000001f56ab00000, 0x000001f56af20000]
 total_blobs=1650 nmethods=672 adapters=888
 compilation: enabled
              stopped_count=0, restarted_count=0
 full_count=0

Compilation events (20 events):
Event: 0.442 Thread 0x000001f50ae07140 nmethod 662 0x000001f56b00e810 code [0x000001f56b00e9c0, 0x000001f56b00ed48]
Event: 0.443 Thread 0x000001f50ae07140  664       3       java.util.WeakHashMap::remove (131 bytes)
Event: 0.443 Thread 0x000001f50ae061d0 nmethod 663 0x000001f56b00ef10 code [0x000001f56b00f0c0, 0x000001f56b00f2e8]
Event: 0.443 Thread 0x000001f50ae06720  665       3       java.util.zip.ZipUtils::CENSIZ (9 bytes)
Event: 0.443 Thread 0x000001f50ae07140 nmethod 664 0x000001f56b00f390 code [0x000001f56b00f5e0, 0x000001f56b010178]
Event: 0.443 Thread 0x000001f50ae06720 nmethod 665 0x000001f56b010590 code [0x000001f56b010740, 0x000001f56b010a18]
Event: 0.444 Thread 0x000001f5065160b0  666       3       java.lang.String::getChars (54 bytes)
Event: 0.444 Thread 0x000001f5065160b0 nmethod 666 0x000001f56b010b90 code [0x000001f56b010dc0, 0x000001f56b0114f8]
Event: 0.446 Thread 0x000001f50ae061d0  667       3       java.lang.String::indexOf (18 bytes)
Event: 0.446 Thread 0x000001f50ae07140  668       3       java.lang.String::indexOf (113 bytes)
Event: 0.446 Thread 0x000001f50ae061d0 nmethod 667 0x000001f56b011810 code [0x000001f56b0119e0, 0x000001f56b011ca8]
Event: 0.447 Thread 0x000001f50ae07140 nmethod 668 0x000001f56b011e10 code [0x000001f56b012040, 0x000001f56b012668]
Event: 0.447 Thread 0x000001f50ae06720  669       3       java.lang.String::indexOf (64 bytes)
Event: 0.447 Thread 0x000001f5065160b0  670       3       java.lang.StringLatin1::indexOf (25 bytes)
Event: 0.447 Thread 0x000001f5065160b0 nmethod 670 0x000001f56b012810 code [0x000001f56b0129c0, 0x000001f56b012bc8]
Event: 0.447 Thread 0x000001f50ae06720 nmethod 669 0x000001f56b012c90 code [0x000001f56b012ea0, 0x000001f56b013388]
Event: 0.447 Thread 0x000001f5065160b0  671       1       java.util.zip.ZipEntry::getSize (5 bytes)
Event: 0.447 Thread 0x000001f5065160b0 nmethod 671 0x000001f57239d590 code [0x000001f57239d720, 0x000001f57239d7f8]
Event: 0.448 Thread 0x000001f50ae061d0  672       3       sun.net.www.ParseUtil::encodePath (41 bytes)
Event: 0.448 Thread 0x000001f50ae061d0 nmethod 672 0x000001f56b013510 code [0x000001f56b0136e0, 0x000001f56b013948]

GC Heap History (0 events):
No events

Deoptimization events (8 events):
Event: 0.121 Thread 0x000001f50ae405f0 DEOPT PACKING pc=0x000001f56af39267 sp=0x0000003ed9ffb730
Event: 0.121 Thread 0x000001f50ae405f0 DEOPT UNPACKING pc=0x000001f56a822b43 sp=0x0000003ed9ffab50 mode 0
Event: 0.144 Thread 0x000001f50ae405f0 DEOPT PACKING pc=0x000001f56af27951 sp=0x0000003ed9ff8220
Event: 0.144 Thread 0x000001f50ae405f0 DEOPT UNPACKING pc=0x000001f56a822b43 sp=0x0000003ed9ff7698 mode 0
Event: 0.384 Thread 0x000001f50ae405f0 Uncommon trap: trap_request=0xffffff54 fr.pc=0x000001f572399e60 relative=0x0000000000000060
Event: 0.384 Thread 0x000001f50ae405f0 Uncommon trap: reason=speculate_null_assert action=make_not_entrant pc=0x000001f572399e60 method=sun.misc.Unsafe.putLong(Ljava/lang/Object;JJ)V @ 7 c2
Event: 0.384 Thread 0x000001f50ae405f0 DEOPT PACKING pc=0x000001f572399e60 sp=0x0000003ed9ffed40
Event: 0.384 Thread 0x000001f50ae405f0 DEOPT UNPACKING pc=0x000001f56a8223a3 sp=0x0000003ed9ffecb8 mode 2

Classes loaded (20 events):
Event: 0.142 Loading class sun/misc/Unsafe
Event: 0.142 Loading class sun/misc/Unsafe done
Event: 0.142 Loading class java/lang/invoke/DirectMethodHandle$StaticAccessor
Event: 0.142 Loading class java/lang/invoke/DirectMethodHandle$StaticAccessor done
Event: 0.145 Loading class java/util/function/LongPredicate
Event: 0.145 Loading class java/util/function/LongPredicate done
Event: 0.147 Loading class jdk/internal/access/foreign/MemorySegmentProxy
Event: 0.147 Loading class jdk/internal/access/foreign/MemorySegmentProxy done
Event: 0.155 Loading class java/nio/InvalidMarkException
Event: 0.155 Loading class java/nio/InvalidMarkException done
Event: 0.155 Loading class java/nio/BufferUnderflowException
Event: 0.155 Loading class java/nio/BufferUnderflowException done
Event: 0.179 Loading class java/lang/NoSuchFieldError
Event: 0.179 Loading class java/lang/NoSuchFieldError done
Event: 0.183 Loading class jdk/internal/reflect/MethodHandleIntegerFieldAccessorImpl
Event: 0.183 Loading class jdk/internal/reflect/MethodHandleIntegerFieldAccessorImpl done
Event: 0.425 Loading class java/io/Externalizable
Event: 0.425 Loading class java/io/Externalizable done
Event: 0.451 Loading class java/nio/ByteBufferAsFloatBufferL
Event: 0.452 Loading class java/nio/ByteBufferAsFloatBufferL done

Classes unloaded (0 events):
No events

Classes redefined (0 events):
No events

Internal exceptions (20 events):
Event: 0.110 Thread 0x000001f50ae405f0 Exception <a 'java/lang/NoSuchMethodError'{0x0000000713ed5280}: 'int java.lang.invoke.DirectMethodHandle$Holder.invokeSpecial(java.lang.Object, java.lang.Object, java.lang.Object)'> (0x0000000713ed5280) 
thrown [s\open\src\hotspot\share\interpreter\linkResolver.cpp, line 759]
Event: 0.113 Thread 0x000001f50ae405f0 Exception <a 'java/lang/NoSuchMethodError'{0x0000000713ef03f8}: 'void java.lang.System.loadLibrary(java.lang.String, java.lang.Class)'> (0x0000000713ef03f8) 
thrown [s\open\src\hotspot\share\interpreter\linkResolver.cpp, line 759]
Event: 0.137 Thread 0x000001f50ae405f0 Exception <a 'sun/nio/fs/WindowsException'{0x0000000713f3bad0}> (0x0000000713f3bad0) 
thrown [s\open\src\hotspot\share\prims\jni.cpp, line 516]
Event: 0.138 Thread 0x000001f50ae405f0 Exception <a 'sun/nio/fs/WindowsException'{0x0000000713f3c020}> (0x0000000713f3c020) 
thrown [s\open\src\hotspot\share\prims\jni.cpp, line 516]
Event: 0.145 Thread 0x000001f50ae405f0 Exception <a 'java/lang/NoSuchMethodError'{0x0000000713f6f4e0}: 'int java.lang.invoke.DirectMethodHandle$Holder.invokeStaticInit(java.lang.Object, java.lang.Object, int, long)'> (0x0000000713f6f4e0) 
thrown [s\open\src\hotspot\share\interpreter\linkResolver.cpp, line 759]
Event: 0.146 Thread 0x000001f50ae405f0 Exception <a 'java/lang/NoSuchMethodError'{0x0000000713f74da8}: 'java.lang.Object java.lang.invoke.DirectMethodHandle$Holder.newInvokeSpecial(java.lang.Object, java.lang.Object, int)'> (0x0000000713f74da8) 
thrown [s\open\src\hotspot\share\interpreter\linkResolver.cpp, line 759]
Event: 0.150 Thread 0x000001f50ae405f0 Exception <a 'java/lang/NoSuchMethodError'{0x0000000713f84738}: 'int java.lang.invoke.DirectMethodHandle$Holder.invokeStaticInit(java.lang.Object, java.lang.Object, long, long)'> (0x0000000713f84738) 
thrown [s\open\src\hotspot\share\interpreter\linkResolver.cpp, line 759]
Event: 0.152 Thread 0x000001f50ae405f0 Exception <a 'java/lang/NoSuchMethodError'{0x0000000713f8a4c0}: 'java.lang.Object java.lang.invoke.DirectMethodHandle$Holder.newInvokeSpecial(java.lang.Object, java.lang.Object, long)'> (0x0000000713f8a4c0) 
thrown [s\open\src\hotspot\share\interpreter\linkResolver.cpp, line 759]
Event: 0.153 Thread 0x000001f50ae405f0 Exception <a 'java/lang/NoSuchMethodError'{0x0000000713f8dd90}: 'java.lang.Object java.lang.invoke.Invokers$Holder.linkToTargetMethod(java.lang.Object, long, java.lang.Object)'> (0x0000000713f8dd90) 
thrown [s\open\src\hotspot\share\interpreter\linkResolver.cpp, line 759]
Event: 0.154 Thread 0x000001f50ae405f0 Exception <a 'java/lang/NoSuchMethodError'{0x0000000713f95208}: 'int java.lang.invoke.DirectMethodHandle$Holder.invokeStaticInit(java.lang.Object, java.lang.Object, java.lang.Object, long)'> (0x0000000713f95208) 
thrown [s\open\src\hotspot\share\interpreter\linkResolver.cpp, line 759]
Event: 0.178 Thread 0x000001f50ae405f0 Exception <a 'sun/nio/fs/WindowsException'{0x0000000713c45258}> (0x0000000713c45258) 
thrown [s\open\src\hotspot\share\prims\jni.cpp, line 516]
Event: 0.178 Thread 0x000001f50ae405f0 Exception <a 'sun/nio/fs/WindowsException'{0x0000000713c455b8}> (0x0000000713c455b8) 
thrown [s\open\src\hotspot\share\prims\jni.cpp, line 516]
Event: 0.183 Thread 0x000001f50ae405f0 Exception <a 'java/lang/NoSuchMethodError'{0x0000000713c5d598}: 'int java.lang.invoke.Invokers$Holder.invokeExact_MT(java.lang.Object, java.lang.Object)'> (0x0000000713c5d598) 
thrown [s\open\src\hotspot\share\interpreter\linkResolver.cpp, line 759]
Event: 0.324 Thread 0x000001f50ae405f0 Exception <a 'java/lang/NoSuchMethodError'{0x0000000713cba738}: 'void java.lang.invoke.DirectMethodHandle$Holder.invokeStatic(java.lang.Object, long, int, int)'> (0x0000000713cba738) 
thrown [s\open\src\hotspot\share\interpreter\linkResolver.cpp, line 759]
Event: 0.357 Thread 0x000001f50ae405f0 Exception <a 'java/lang/NoSuchMethodError'{0x0000000713ceba28}: 'void java.lang.System.load(java.lang.String, java.lang.Class)'> (0x0000000713ceba28) 
thrown [s\open\src\hotspot\share\interpreter\linkResolver.cpp, line 759]
Event: 0.358 Thread 0x000001f50ae405f0 Exception <a 'java/lang/NoSuchMethodError'{0x0000000713cee8b8}: 'void java.lang.System.loadLibrary(java.lang.String, java.lang.Class)'> (0x0000000713cee8b8) 
thrown [s\open\src\hotspot\share\interpreter\linkResolver.cpp, line 759]
Event: 0.363 Thread 0x000001f50ae405f0 Exception <a 'sun/nio/fs/WindowsException'{0x0000000713cfeb28}> (0x0000000713cfeb28) 
thrown [s\open\src\hotspot\share\prims\jni.cpp, line 516]
Event: 0.363 Thread 0x000001f50ae405f0 Exception <a 'sun/nio/fs/WindowsException'{0x0000000713cfeed0}> (0x0000000713cfeed0) 
thrown [s\open\src\hotspot\share\prims\jni.cpp, line 516]
Event: 0.366 Thread 0x000001f50ae405f0 Exception <a 'sun/nio/fs/WindowsException'{0x0000000713d056d8}> (0x0000000713d056d8) 
thrown [s\open\src\hotspot\share\prims\jni.cpp, line 516]
Event: 0.366 Thread 0x000001f50ae405f0 Exception <a 'sun/nio/fs/WindowsException'{0x0000000713d059b8}> (0x0000000713d059b8) 
thrown [s\open\src\hotspot\share\prims\jni.cpp, line 516]

VM Operations (4 events):
Event: 0.057 Executing VM operation: HandshakeAllThreads
Event: 0.057 Executing VM operation: HandshakeAllThreads done
Event: 0.132 Executing VM operation: HandshakeAllThreads
Event: 0.132 Executing VM operation: HandshakeAllThreads done

Events (20 events):
Event: 0.024 Thread 0x000001f506509210 Thread added: 0x000001f506509210
Event: 0.024 Thread 0x000001f50650a3d0 Thread added: 0x000001f50650a3d0
Event: 0.024 Thread 0x000001f50650d0b0 Thread added: 0x000001f50650d0b0
Event: 0.024 Thread 0x000001f5065160b0 Thread added: 0x000001f5065160b0
Event: 0.024 Thread 0x000001f50651a3a0 Thread added: 0x000001f50651a3a0
Event: 0.039 Thread 0x000001f50ae061d0 Thread added: 0x000001f50ae061d0
Event: 0.039 Thread 0x000001f50ae06720 Thread added: 0x000001f50ae06720
Event: 0.039 Thread 0x000001f50ae07140 Thread added: 0x000001f50ae07140
Event: 0.040 Thread 0x000001f50ae38140 Thread added: 0x000001f50ae38140
Event: 0.043 Thread 0x000001f50ae3c900 Thread added: 0x000001f50ae3c900
Event: 0.046 Thread 0x000001f50ae405f0 Thread added: 0x000001f50ae405f0
Event: 0.046 Thread 0x000001f562ea1ef0 Thread exited: 0x000001f562ea1ef0
Event: 0.046 Thread 0x000001f562ea1ef0 Thread added: 0x000001f562ea1ef0
Event: 0.051 Loaded shared library C:\Program Files\Java\jdk-18.0.2.1\bin\net.dll
Event: 0.053 Loaded shared library C:\Program Files\Java\jdk-18.0.2.1\bin\nio.dll
Event: 0.056 Loaded shared library C:\Program Files\Java\jdk-18.0.2.1\bin\zip.dll
Event: 0.119 Loaded shared library C:\Program Files\Java\jdk-18.0.2.1\bin\jimage.dll
Event: 0.139 Loaded shared library C:\Users\justi\AppData\Local\Temp\lwjgljusti\3.3.1-build-7\lwjgl.dll
Event: 0.364 Loaded shared library C:\Users\justi\AppData\Local\Temp\lwjgljusti\3.3.1-build-7\lwjgl_opengl.dll
Event: 0.426 Loaded shared library C:\Program Files\Java\jdk-18.0.2.1\bin\verify.dll


Dynamic libraries:
0x00007ff6ac240000 - 0x00007ff6ac250000 	C:\Program Files\Java\jdk-18.0.2.1\bin\java.exe
0x00007ffdd5e90000 - 0x00007ffdd60a4000 	C:\windows\SYSTEM32\ntdll.dll
0x00007ffdd4890000 - 0x00007ffdd4952000 	C:\windows\System32\KERNEL32.DLL
0x00007ffdd3410000 - 0x00007ffdd37ac000 	C:\windows\System32\KERNELBASE.dll
0x00007ffdd32f0000 - 0x00007ffdd3401000 	C:\windows\System32\ucrtbase.dll
0x00007ffdcab90000 - 0x00007ffdcabaa000 	C:\Program Files\Java\jdk-18.0.2.1\bin\VCRUNTIME140.dll
0x00007ffdbbc60000 - 0x00007ffdbbc78000 	C:\Program Files\Java\jdk-18.0.2.1\bin\jli.dll
0x00007ffdd4960000 - 0x00007ffdd4a0e000 	C:\windows\System32\ADVAPI32.dll
0x00007ffdd4360000 - 0x00007ffdd4407000 	C:\windows\System32\msvcrt.dll
0x00007ffdd5da0000 - 0x00007ffdd5e44000 	C:\windows\System32\sechost.dll
0x00007ffdd4c00000 - 0x00007ffdd4d15000 	C:\windows\System32\RPCRT4.dll
0x00007ffdd4490000 - 0x00007ffdd463a000 	C:\windows\System32\USER32.dll
0x00007ffdd32c0000 - 0x00007ffdd32e6000 	C:\windows\System32\win32u.dll
0x00007ffdd3f40000 - 0x00007ffdd3f69000 	C:\windows\System32\GDI32.dll
0x00007ffdae940000 - 0x00007ffdaebce000 	C:\windows\WinSxS\amd64_microsoft.windows.common-controls_6595b64144ccf1df_6.0.22621.608_none_a9444ca7c10bb01d\COMCTL32.dll
0x00007ffdd3ab0000 - 0x00007ffdd3bc2000 	C:\windows\System32\gdi32full.dll
0x00007ffdd37b0000 - 0x00007ffdd384a000 	C:\windows\System32\msvcp_win.dll
0x00007ffdc76b0000 - 0x00007ffdc76ba000 	C:\windows\SYSTEM32\VERSION.dll
0x00007ffdd5c60000 - 0x00007ffdd5c91000 	C:\windows\System32\IMM32.DLL
0x00007ffdc76c0000 - 0x00007ffdc76cc000 	C:\Program Files\Java\jdk-18.0.2.1\bin\vcruntime140_1.dll
0x00007ffd92dd0000 - 0x00007ffd92e5d000 	C:\Program Files\Java\jdk-18.0.2.1\bin\msvcp140.dll
0x00007ffd4c4f0000 - 0x00007ffd4d101000 	C:\Program Files\Java\jdk-18.0.2.1\bin\server\jvm.dll
0x00007ffdd3f30000 - 0x00007ffdd3f38000 	C:\windows\System32\PSAPI.DLL
0x00007ffdcaef0000 - 0x00007ffdcaf24000 	C:\windows\SYSTEM32\WINMM.dll
0x00007ffdcaa10000 - 0x00007ffdcaa19000 	C:\windows\SYSTEM32\WSOCK32.dll
0x00007ffdd4410000 - 0x00007ffdd4481000 	C:\windows\System32\WS2_32.dll
0x00007ffdd23e0000 - 0x00007ffdd23f8000 	C:\windows\SYSTEM32\kernel.appcore.dll
0x00007ffdc7110000 - 0x00007ffdc711a000 	C:\Program Files\Java\jdk-18.0.2.1\bin\jimage.dll
0x00007ffdd1850000 - 0x00007ffdd1a7e000 	C:\windows\SYSTEM32\DBGHELP.DLL
0x00007ffdd3f70000 - 0x00007ffdd42f9000 	C:\windows\System32\combase.dll
0x00007ffdd3c90000 - 0x00007ffdd3d67000 	C:\windows\System32\OLEAUT32.dll
0x00007ffdb33e0000 - 0x00007ffdb3412000 	C:\windows\SYSTEM32\dbgcore.DLL
0x00007ffdd3850000 - 0x00007ffdd38cb000 	C:\windows\System32\bcryptPrimitives.dll
0x00007ffdbbba0000 - 0x00007ffdbbbc5000 	C:\Program Files\Java\jdk-18.0.2.1\bin\java.dll
0x00007ffd92c50000 - 0x00007ffd92d26000 	C:\Program Files\Java\jdk-18.0.2.1\bin\jsvml.dll
0x00007ffdd4e40000 - 0x00007ffdd561d000 	C:\windows\System32\SHELL32.dll
0x00007ffdd0e10000 - 0x00007ffdd16c7000 	C:\windows\SYSTEM32\windows.storage.dll
0x00007ffdd0cd0000 - 0x00007ffdd0e0d000 	C:\windows\SYSTEM32\wintypes.dll
0x00007ffdd3d70000 - 0x00007ffdd3e61000 	C:\windows\System32\SHCORE.dll
0x00007ffdd4a40000 - 0x00007ffdd4a9e000 	C:\windows\System32\shlwapi.dll
0x00007ffdd31f0000 - 0x00007ffdd3211000 	C:\windows\SYSTEM32\profapi.dll
0x00007ffdb78e0000 - 0x00007ffdb78f3000 	C:\Program Files\Java\jdk-18.0.2.1\bin\net.dll
0x00007ffdcd060000 - 0x00007ffdcd18f000 	C:\windows\SYSTEM32\WINHTTP.dll
0x00007ffdd2890000 - 0x00007ffdd28f9000 	C:\windows\system32\mswsock.dll
0x00007ffdb6fc0000 - 0x00007ffdb6fd6000 	C:\Program Files\Java\jdk-18.0.2.1\bin\nio.dll
0x00007ffdb6f70000 - 0x00007ffdb6f88000 	C:\Program Files\Java\jdk-18.0.2.1\bin\zip.dll
0x00007ffd92bd0000 - 0x00007ffd92c45000 	C:\Users\justi\AppData\Local\Temp\lwjgljusti\3.3.1-build-7\lwjgl.dll
0x00007ffd80270000 - 0x00007ffd802d1000 	C:\Users\justi\AppData\Local\Temp\lwjgljusti\3.3.1-build-7\glfw.dll
0x00007ffd92d80000 - 0x00007ffd92dc6000 	C:\windows\SYSTEM32\dinput8.dll
0x00007ffdb6f50000 - 0x00007ffdb6f61000 	C:\windows\SYSTEM32\xinput1_4.dll
0x00007ffdd2fb0000 - 0x00007ffdd2fff000 	C:\windows\SYSTEM32\cfgmgr32.dll
0x00007ffdd2f80000 - 0x00007ffdd2fac000 	C:\windows\SYSTEM32\DEVOBJ.dll
0x00007ffdd0660000 - 0x00007ffdd068b000 	C:\windows\SYSTEM32\dwmapi.dll
0x00007ffdb6410000 - 0x00007ffdb6611000 	C:\windows\SYSTEM32\inputhost.dll
0x00007ffdcfd80000 - 0x00007ffdcfeb3000 	C:\windows\SYSTEM32\CoreMessaging.dll
0x00007ffdd03d0000 - 0x00007ffdd047b000 	C:\windows\system32\uxtheme.dll
0x00007ffdd4d20000 - 0x00007ffdd4e3e000 	C:\windows\System32\MSCTF.dll
0x00007ffdd2af0000 - 0x00007ffdd2afc000 	C:\windows\SYSTEM32\CRYPTBASE.DLL
0x00007ffd694e0000 - 0x00007ffd695e0000 	C:\windows\SYSTEM32\opengl32.dll
0x00007ffd69260000 - 0x00007ffd6928d000 	C:\windows\SYSTEM32\GLU32.dll
0x00007ffdd04e0000 - 0x00007ffdd0516000 	C:\windows\SYSTEM32\dxcore.dll
0x00007ffdcb6b0000 - 0x00007ffdcb6f9000 	C:\windows\SYSTEM32\directxdatabasehelper.dll
0x00007ffdd4aa0000 - 0x00007ffdd4b57000 	C:\windows\System32\clbcatq.dll
0x00007ffd4b440000 - 0x00007ffd4c4ee000 	C:\windows\System32\DriverStore\FileRepository\iigd_dch.inf_amd64_b9f9065242070baa\igxelpicd64.dll
0x00007ffdd5640000 - 0x00007ffdd57dc000 	C:\windows\System32\ole32.dll
0x00007ffdd0530000 - 0x00007ffdd0627000 	C:\windows\system32\dxgi.dll
0x00007ffd79c80000 - 0x00007ffd79da4000 	C:\windows\System32\DriverStore\FileRepository\iigd_dch.inf_amd64_b9f9065242070baa\igdml64.dll
0x00007ffdc7250000 - 0x00007ffdc765c000 	C:\windows\System32\DriverStore\FileRepository\iigd_dch.inf_amd64_b9f9065242070baa\igdgmm64.dll
0x00007ffdd38d0000 - 0x00007ffdd3939000 	C:\windows\System32\WINTRUST.dll
0x00007ffdd3940000 - 0x00007ffdd3aa6000 	C:\windows\System32\CRYPT32.dll
0x00007ffdd2f60000 - 0x00007ffdd2f72000 	C:\windows\SYSTEM32\MSASN1.dll
0x00007ffdc37a0000 - 0x00007ffdc6f4f000 	C:\windows\System32\DriverStore\FileRepository\iigd_dch.inf_amd64_b9f9065242070baa\igc64.dll
0x00007ffdd2200000 - 0x00007ffdd224d000 	C:\windows\SYSTEM32\powrprof.dll
0x00007ffdd21e0000 - 0x00007ffdd21f3000 	C:\windows\SYSTEM32\UMPDC.dll
0x00007ffdb6650000 - 0x00007ffdb677d000 	C:\windows\SYSTEM32\textinputframework.dll
0x00007ffdcaf30000 - 0x00007ffdcb29c000 	C:\windows\SYSTEM32\CoreUIComponents.dll
0x00007ffd80210000 - 0x00007ffd8026d000 	C:\Users\justi\AppData\Local\Temp\lwjgljusti\3.3.1-build-7\lwjgl_opengl.dll
0x00007ffdb78d0000 - 0x00007ffdb78e0000 	C:\Program Files\Java\jdk-18.0.2.1\bin\verify.dll

dbghelp: loaded successfully - version: 4.0.5 - missing functions: none
symbol engine: initialized successfully - sym options: 0x614 - pdb path: .;C:\Program Files\Java\jdk-18.0.2.1\bin;C:\windows\SYSTEM32;C:\windows\WinSxS\amd64_microsoft.windows.common-controls_6595b64144ccf1df_6.0.22621.608_none_a9444ca7c10bb01d;C:\Program Files\Java\jdk-18.0.2.1\bin\server;C:\Users\justi\AppData\Local\Temp\lwjgljusti\3.3.1-build-7;C:\windows\System32\DriverStore\FileRepository\iigd_dch.inf_amd64_b9f9065242070baa

VM Arguments:
jvm_args: -Dfile.encoding=windows-1252 -Duser.country=US -Duser.language=en -Duser.variant 
java_command: com.jkachele.simulation.Main
java_class_path (initial): C:\IntelijProjects\OpenGL-Compute-Shaders\build\classes\java\main;C:\IntelijProjects\OpenGL-Compute-Shaders\build\resources\main;C:\Users\justi\.gradle\caches\modules-2\files-2.1\org.lwjgl\lwjgl-assimp\3.3.1\312072f451794f25670aebb0160ce6ec88aff842\lwjgl-assimp-3.3.1.jar;C:\Users\justi\.gradle\caches\modules-2\files-2.1\org.lwjgl\lwjgl-assimp\3.3.1\bfa2a0d57acbf952b716d0ad8a3acbd7ad9f5639\lwjgl-assimp-3.3.1-natives-windows.jar;C:\Users\justi\.gradle\caches\modules-2\files-2.1\org.lwjgl\lwjgl-cuda\3.3.1\8b67bd7760450f890eade8f74bfaf0dca10821fe\lwjgl-cuda-3.3.1.jar;C:\Users\justi\.gradle\caches\modules-2\files-2.1\org.lwjgl\lwjgl-glfw\3.3.1\cbac1b8d30cb4795149c1ef540f912671a8616d0\lwjgl-glfw-3.3.1.jar;C:\Users\justi\.gradle\caches\modules-2\files-2.1\org.lwjgl\lwjgl-glfw\3.3.1\ed892f945cf7e79c8756796f32d00fa4ceaf573b\lwjgl-glfw-3.3.1-natives-windows.jar;C:\Users\justi\.gradle\caches\modules-2\files-2.1\org.lwjgl\lwjgl-libdivide\3.3.1\ed21d21e4f3d508908ef1a23d885e73983f244ea\lwjgl-libdivide-3.3.1.jar;C:\Users\justi\.gradle\caches\modules-2\files-2.1\org.lwjgl\lwjgl-libdivide\3.3.1\7c53f5a3d69c89ef57799170f2712de39d729b01\lwjgl-libdivide-3.3.1-natives-windows.jar;C:\Users\justi\.gradle\caches\modules-2\files-2.1\org.lwjgl\lwjgl-openal\3.3.1\2623a6b8ae1dfcd880738656a9f0243d2e6840bd\lwjgl-openal-3.3.1.jar;C:\Users\justi\.gradle\caches\modules-2\files-2.1\org.lwjgl\lwjgl-openal\3.3.1\30a474d0e57193d7bc128849a3ab66bc9316fdb1\lwjgl-openal-3.3.1-natives-windows.jar;C:\Users\justi\.gradle\caches\modules-2\files-2.1\org.lwjgl\lwjgl-opencl\3.3.1\8e9b00d310ef80ec4343ed709efb2ae77386014d\lwjgl-opencl-3.3.1.jar;C:\Users\justi\.gradle\caches\modules-2\files-2.1\org.lwjgl\lwjgl-opengl\3.3.1\831a5533a21a5f4f81bbc51bb13e9899319b5411\lwjgl-opengl-3.3.1.jar;C:\Users\justi\.gradle\caches\modules-2\files-2.1\org.lwjgl\lwjgl-opengl\3.3.1\c1807e9bd571402787d7e37e3029776ae2513bb8\lwjgl-opengl-3.3.1-natives-windows.jar;C:\Users\justi\.gradle\caches\modules-2\files-2.1\org.lwjgl\lwjgl-stb\3.3.1\b119297cf8ed01f247abe8685857f8e7fcf5980f\lwjgl-stb-3.3.1.jar;C:\Users\justi\.gradle\caches\modules-2\files-2.1\org.lwjgl\lwjgl-stb\3.3.1\86315914ac119efdb02dc9e8e978ade84f1702af\lwjgl-stb-3.3.1-natives-windows.jar;C:\Users\justi\.gradle\caches\modules-2\files-2.1\org.lwjgl\lwjgl\3.3.1\ae58664f88e18a9bb2c77b063833ca7aaec484cb\lwjgl-3.3.1.jar;C:\Users\justi\.gradle\caches\modules-2\files-2.1\org.lwjgl\lwjgl\3.3.1\36c37f16ab611b3aa11f3bcf80b1d509b4ce6b\lwjgl-3.3.1-natives-windows.jar;C:\Users\justi\.gradle\caches\modules-2\files-2.1\org.joml\joml\1.10.4\19cb0a0f0f8a938785ebd5b2a2268ea2e65dabae\joml-1.10.4.jar
Launcher Type: SUN_STANDARD

[Global flags]
     intx CICompilerCount                          = 12                                        {product} {ergonomic}
     uint ConcGCThreads                            = 4                                         {product} {ergonomic}
     uint G1ConcRefinementThreads                  = 15                                        {product} {ergonomic}
   size_t G1HeapRegionSize                         = 2097152                                   {product} {ergonomic}
    uintx GCDrainStackTargetSize                   = 64                                        {product} {ergonomic}
   size_t InitialHeapSize                          = 264241152                                 {product} {ergonomic}
   size_t MarkStackSize                            = 4194304                                   {product} {ergonomic}
   size_t MaxHeapSize                              = 4219469824                                {product} {ergonomic}
   size_t MaxNewSize                               = 2531262464                                {product} {ergonomic}
   size_t MinHeapDeltaBytes                        = 2097152                                   {product} {ergonomic}
   size_t MinHeapSize                              = 8388608                                   {product} {ergonomic}
    uintx NonNMethodCodeHeapSize                   = 7602480                                {pd product} {ergonomic}
    uintx NonProfiledCodeHeapSize                  = 122027880                              {pd product} {ergonomic}
    uintx ProfiledCodeHeapSize                     = 122027880                              {pd product} {ergonomic}
    uintx ReservedCodeCacheSize                    = 251658240                              {pd product} {ergonomic}
     bool SegmentedCodeCache                       = true                                      {product} {ergonomic}
   size_t SoftMaxHeapSize                          = 4219469824                             {manageable} {ergonomic}
     bool UseCompressedClassPointers               = true                           {product lp64_product} {ergonomic}
     bool UseCompressedOops                        = true                           {product lp64_product} {ergonomic}
     bool UseG1GC                                  = true                                      {product} {ergonomic}
     bool UseLargePagesIndividualAllocation        = false                                  {pd product} {ergonomic}

Logging:
Log output configuration:
 #0: stdout all=warning uptime,level,tags foldmultilines=false
 #1: stderr all=off uptime,level,tags foldmultilines=false

Environment Variables:
PATH=C:\Program Files (x86)\NVIDIA Corporation\PhysX\Common;C:\Program Files\Common Files\Oracle\Java\javapath;C:\windows\system32;C:\windows;C:\windows\System32\Wbem;C:\windows\System32\WindowsPowerShell\v1.0\;C:\windows\System32\OpenSSH\;C:\Program Files\Git\cmd;C:\Program Files\PuTTY\;C:\Program Files (x86)\Windows Kits\8.1\Windows Performance Toolkit\;C:\Program Files\MATLAB\R2022b\bin;C:\Users\justi\AppData\Local\Microsoft\WindowsApps;C:\Users\justi\AppData\Local\JetBrains\Toolbox\scripts;
USERNAME=justi
OS=Windows_NT
PROCESSOR_IDENTIFIER=Intel64 Family 6 Model 154 Stepping 3, GenuineIntel



---------------  S Y S T E M  ---------------

OS:
 Windows 11 , 64 bit Build 22621 (10.0.22621.608)
OS uptime: 6 days 5:13 hours
Hyper-V role detected

CPU: total 20 (initial active 20) (10 cores per cpu, 2 threads per core) family 6 model 154 stepping 3 microcode 0x41e, cx8, cmov, fxsr, ht, mmx, 3dnowpref, sse, sse2, sse3, ssse3, sse4.1, sse4.2, popcnt, lzcnt, tsc, tscinvbit, avx, avx2, aes, erms, clmul, bmi1, bmi2, adx, sha, fma, vzeroupper, clflush, clflushopt, clwb, hv, serialize

Memory: 4k page, system-wide physical 16095M (5361M free)
TotalPageFile size 22207M (AvailPageFile size 2278M)
current process WorkingSet (physical memory assigned to process): 157M, peak: 157M
current process commit charge ("private bytes"): 405M, peak: 405M

vm_info: Java HotSpot(TM) 64-Bit Server VM (18.0.2.1+1-1) for windows-amd64 JRE (18.0.2.1+1-1), built on Aug 16 2022 01:46:33 by "mach5one" with MS VC++ 16.8 / 16.9 (VS2019)

END.
