#
# A fatal error has been detected by the Java Runtime Environment:
#
#  EXCEPTION_ACCESS_VIOLATION (0xc0000005) at pc=0x00007ffd4ae65380, pid=28104, tid=23296
#
# JRE version: Java(TM) SE Runtime Environment (18.0.2.1+1) (build 18.0.2.1+1-1)
# Java VM: Java HotSpot(TM) 64-Bit Server VM (18.0.2.1+1-1, mixed mode, sharing, tiered, compressed oops, compressed class ptrs, g1 gc, windows-amd64)
# Problematic frame:
# C  [igxelpicd64.dll+0x15380]
#
# No core dump will be written. Minidumps are not enabled by default on client versions of Windows
#
# If you would like to submit a bug report, please visit:
#   https://bugreport.java.com/bugreport/crash.jsp
# The crash happened outside the Java Virtual Machine in native code.
# See problematic frame for where to report the bug.
#

---------------  S U M M A R Y ------------

Command Line: -Dfile.encoding=windows-1252 -Duser.country=US -Duser.language=en -Duser.variant com.jkachele.simulation.Main

Host: 12th Gen Intel(R) Core(TM) i7-12700H, 20 cores, 15G,  Windows 11 , 64 bit Build 22621 (10.0.22621.608)
Time: Mon Oct 31 17:30:52 2022 Eastern Daylight Time elapsed time: 0.449627 seconds (0d 0h 0m 0s)

---------------  T H R E A D  ---------------

Current thread (0x0000016fb5123cc0):  JavaThread "GAME_LOOP_THREAD" [_thread_in_native, id=23296, stack(0x0000006f4a200000,0x0000006f4a300000)]

Stack: [0x0000006f4a200000,0x0000006f4a300000],  sp=0x0000006f4a2fe4f0,  free space=1017k
Native frames: (J=compiled Java code, j=interpreted, Vv=VM code, C=native code)
C  [igxelpicd64.dll+0x15380]

Java frames: (J=compiled Java code, j=interpreted, Vv=VM code)
j  org.lwjgl.opengl.GL11C.nglTexImage2D(IIIIIIIIJ)V+0
j  org.lwjgl.opengl.GL11C.glTexImage2D(IIIIIIIILjava/nio/FloatBuffer;)V+17
j  org.lwjgl.opengl.GL11.glTexImage2D(IIIIIIIILjava/nio/FloatBuffer;)V+14
j  com.jkachele.simulation.computeShader.Compute.setValues(Ljava/nio/FloatBuffer;)V+28
j  com.jkachele.simulation.engine.Scene.init()V+139
j  com.jkachele.simulation.engine.Engine.gameLoop()V+0
j  com.jkachele.simulation.engine.Engine.run()V+4
j  java.lang.Thread.run()V+11 java.base@18.0.2.1
v  ~StubRoutines::call_stub

siginfo: EXCEPTION_ACCESS_VIOLATION (0xc0000005), reading address 0x0000000000000010


Register to memory mapping:

RIP=0x00007ffd4ae65380 igxelpicd64.dll
RAX=0x0 is NULL
RBX=0x0000006f4a2fe5b0 is pointing into the stack for thread: 0x0000016fb5123cc0
RCX=0x0000000000000001 is an unknown value
RDX=0x0000000000000010 is an unknown value
RSP=0x0000006f4a2fe4f0 is pointing into the stack for thread: 0x0000016fb5123cc0
RBP=0x0 is NULL
RSI=0x0000000000000010 is an unknown value
RDI=0x0000016fb6a41000 points into unknown readable memory: 0x0000000000000000 | 00 00 00 00 00 00 00 00
R8 =0x00000000000000a0 is an unknown value
R9 =0x0 is NULL
R10=0x0 is NULL
R11=0x00000000000000a0 is an unknown value
R12=0x00007ffd4be1a3a0 igxelpicd64.dll
R13=0x0000000000000001 is an unknown value
R14=0x0000006f4a2fe730 is pointing into the stack for thread: 0x0000016fb5123cc0
R15=0x000000000000004f is an unknown value


Registers:
RAX=0x0000000000000000, RBX=0x0000006f4a2fe5b0, RCX=0x0000000000000001, RDX=0x0000000000000010
RSP=0x0000006f4a2fe4f0, RBP=0x0000000000000000, RSI=0x0000000000000010, RDI=0x0000016fb6a41000
R8 =0x00000000000000a0, R9 =0x0000000000000000, R10=0x0000000000000000, R11=0x00000000000000a0
R12=0x00007ffd4be1a3a0, R13=0x0000000000000001, R14=0x0000006f4a2fe730, R15=0x000000000000004f
RIP=0x00007ffd4ae65380, EFLAGS=0x0000000000010202

Top of Stack: (sp=0x0000006f4a2fe4f0)
0x0000006f4a2fe4f0:   0000000000000000 0000000000000000
0x0000006f4a2fe500:   0000000000000000 0000000000000000
0x0000006f4a2fe510:   0000016fb6a41000 00007ffd4aec8bc2
0x0000006f4a2fe520:   0000016fb5af6860 0000000000000002
0x0000006f4a2fe530:   0000006f4a2fe730 0000000000000001
0x0000006f4a2fe540:   0000006f4a2fe730 00007ffd4aec6821
0x0000006f4a2fe550:   0000016fb6a41000 0000006f4a2fe650
0x0000006f4a2fe560:   0000000000000000 0000000000000100
0x0000006f4a2fe570:   40002d004000004f 0000000000000001
0x0000006f4a2fe580:   0000000000000010 0000000000000000
0x0000006f4a2fe590:   0000016fb54ffc00 0000000000000000
0x0000006f4a2fe5a0:   0000000000000002 0000016fb5764d08
0x0000006f4a2fe5b0:   00007ffd4b9c33f8 0000016fb54ffc00
0x0000006f4a2fe5c0:   000000010000000a 0000004f00000000
0x0000006f4a2fe5d0:   000000a000000010 0000000000000010
0x0000006f4a2fe5e0:   000000104a2f004f 0000016f00000100 

Instructions: (pc=0x00007ffd4ae65380)
0x00007ffd4ae65280:   48 81 f9 00 10 00 00 76 0d 48 85 d2 74 08 45 8b
0x00007ffd4ae65290:   c0 e8 0a 00 00 00 48 83 c4 28 c3 cc cc cc cc cc
0x00007ffd4ae652a0:   40 57 48 83 ec 20 45 33 d2 48 8b f9 49 83 f8 10
0x00007ffd4ae652b0:   0f 82 ae 00 00 00 83 e1 0f 0f 85 df 01 00 00 8b
0x00007ffd4ae652c0:   c1 45 8b ca 4c 2b c0 0f 29 74 24 10 49 8b c8 0f
0x00007ffd4ae652d0:   29 3c 24 48 c1 e9 07 f6 c2 0f 0f 84 94 00 00 00
0x00007ffd4ae652e0:   48 85 c9 74 6c 66 66 66 0f 1f 84 00 00 00 00 00
0x00007ffd4ae652f0:   f3 0f 6f 02 41 ff c1 f3 0f 6f 4a 10 41 8b c1 f3
0x00007ffd4ae65300:   0f 6f 52 20 f3 0f 6f 5a 30 f3 0f 6f 62 40 f3 0f
0x00007ffd4ae65310:   6f 6a 50 f3 0f 6f 72 60 f3 0f 6f 7a 70 66 0f e7
0x00007ffd4ae65320:   07 66 0f e7 4f 10 66 0f e7 57 20 66 0f e7 5f 30
0x00007ffd4ae65330:   66 0f e7 67 40 66 0f e7 6f 50 66 0f e7 77 60 66
0x00007ffd4ae65340:   0f e7 7f 70 48 83 ef 80 48 83 ea 80 48 3b c1 72
0x00007ffd4ae65350:   9f 41 83 e0 7f 0f 85 0e 01 00 00 0f 28 74 24 10
0x00007ffd4ae65360:   0f 28 3c 24 41 83 e0 0f 0f 85 b0 00 00 00 48 83
0x00007ffd4ae65370:   c4 20 5f c3 48 85 c9 74 68 0f 1f 80 00 00 00 00
0x00007ffd4ae65380:   f3 0f 6f 02 41 ff c1 f3 0f 6f 4a 10 f3 0f 6f 52
0x00007ffd4ae65390:   20 f3 0f 6f 5a 30 f3 0f 6f 62 40 f3 0f 6f 6a 50
0x00007ffd4ae653a0:   f3 0f 6f 72 60 f3 0f 6f 7a 70 48 83 ea 80 66 0f
0x00007ffd4ae653b0:   e7 07 66 0f e7 4f 10 66 0f e7 57 20 66 0f e7 5f
0x00007ffd4ae653c0:   30 66 0f e7 67 40 66 0f e7 6f 50 66 0f e7 77 60
0x00007ffd4ae653d0:   66 0f e7 7f 70 48 83 ef 80 41 8b c1 48 3b c1 72
0x00007ffd4ae653e0:   9f 41 83 e0 7f 0f 84 70 ff ff ff 45 8b c8 41 8b
0x00007ffd4ae653f0:   ca 49 c1 e9 04 4d 85 c9 0f 84 5d ff ff ff 66 90
0x00007ffd4ae65400:   f3 0f 6f 02 ff c1 66 0f e7 07 48 83 c7 10 8b c1
0x00007ffd4ae65410:   48 83 c2 10 49 3b c1 72 e7 e9 3d ff ff ff 4d 8b
0x00007ffd4ae65420:   c8 41 8b ca 49 c1 e9 02 4d 85 c9 74 15 8b 02 ff
0x00007ffd4ae65430:   c1 89 07 48 83 c2 04 48 83 c7 04 8b c1 49 3b c1
0x00007ffd4ae65440:   72 eb 41 83 e0 03 0f 86 22 ff ff ff 48 2b d7 0f
0x00007ffd4ae65450:   b6 04 3a 41 ff c2 88 07 48 8d 7f 01 41 8b c2 49
0x00007ffd4ae65460:   3b c0 72 eb e9 05 ff ff ff 4d 8b c8 41 8b ca 49
0x00007ffd4ae65470:   c1 e9 04 4d 85 c9 0f 84 df fe ff ff 0f 1f 40 00 


Stack slot to memory mapping:
stack at sp + 0 slots: 0x0 is NULL
stack at sp + 1 slots: 0x0 is NULL
stack at sp + 2 slots: 0x0 is NULL
stack at sp + 3 slots: 0x0 is NULL
stack at sp + 4 slots: 0x0000016fb6a41000 points into unknown readable memory: 0x0000000000000000 | 00 00 00 00 00 00 00 00
stack at sp + 5 slots: 0x00007ffd4aec8bc2 igxelpicd64.dll
stack at sp + 6 slots: 0x0000016fb5af6860 points into unknown readable memory: 0x0000016fb546f880 | 80 f8 46 b5 6f 01 00 00
stack at sp + 7 slots: 0x0000000000000002 is an unknown value


---------------  P R O C E S S  ---------------

Threads class SMR info:
_java_thread_list=0x0000016fb57c9b40, length=15, elements={
0x0000016faff98b20, 0x0000016faff994c0, 0x0000016faffb5100, 0x0000016faffb5aa0,
0x0000016faffb6440, 0x0000016faffb6de0, 0x0000016faffba9e0, 0x0000016faffbb2d0,
0x0000016faffc3bd0, 0x0000016fb50e4ae0, 0x0000016fb511c2d0, 0x0000016fb51233f0,
0x0000016fb5123cc0, 0x0000016f8d1b23a0, 0x0000016fb53b99f0
}

Java Threads: ( => current thread )
  0x0000016faff98b20 JavaThread "Reference Handler" daemon [_thread_blocked, id=7756, stack(0x0000006f49500000,0x0000006f49600000)]
  0x0000016faff994c0 JavaThread "Finalizer" daemon [_thread_blocked, id=29168, stack(0x0000006f49600000,0x0000006f49700000)]
  0x0000016faffb5100 JavaThread "Signal Dispatcher" daemon [_thread_blocked, id=12436, stack(0x0000006f49700000,0x0000006f49800000)]
  0x0000016faffb5aa0 JavaThread "Attach Listener" daemon [_thread_blocked, id=29608, stack(0x0000006f49800000,0x0000006f49900000)]
  0x0000016faffb6440 JavaThread "Service Thread" daemon [_thread_blocked, id=15820, stack(0x0000006f49900000,0x0000006f49a00000)]
  0x0000016faffb6de0 JavaThread "Monitor Deflation Thread" daemon [_thread_blocked, id=3472, stack(0x0000006f49a00000,0x0000006f49b00000)]
  0x0000016faffba9e0 JavaThread "C2 CompilerThread0" daemon [_thread_blocked, id=15048, stack(0x0000006f49b00000,0x0000006f49c00000)]
  0x0000016faffbb2d0 JavaThread "C1 CompilerThread0" daemon [_thread_blocked, id=27668, stack(0x0000006f49c00000,0x0000006f49d00000)]
  0x0000016faffc3bd0 JavaThread "Sweeper thread" daemon [_thread_blocked, id=23504, stack(0x0000006f49d00000,0x0000006f49e00000)]
  0x0000016fb50e4ae0 JavaThread "C1 CompilerThread1" daemon [_thread_blocked, id=7364, stack(0x0000006f49e00000,0x0000006f49f00000)]
  0x0000016fb511c2d0 JavaThread "Notification Thread" daemon [_thread_blocked, id=29684, stack(0x0000006f49f00000,0x0000006f4a000000)]
  0x0000016fb51233f0 JavaThread "Common-Cleaner" daemon [_thread_blocked, id=19264, stack(0x0000006f4a100000,0x0000006f4a200000)]
=>0x0000016fb5123cc0 JavaThread "GAME_LOOP_THREAD" [_thread_in_native, id=23296, stack(0x0000006f4a200000,0x0000006f4a300000)]
  0x0000016f8d1b23a0 JavaThread "DestroyJavaVM" [_thread_blocked, id=27816, stack(0x0000006f48e00000,0x0000006f48f00000)]
  0x0000016fb53b99f0 JavaThread "C1 CompilerThread2" daemon [_thread_blocked, id=20240, stack(0x0000006f4a900000,0x0000006f4aa00000)]

Other Threads:
  0x0000016f8d23aca0 VMThread "VM Thread" [stack: 0x0000006f49400000,0x0000006f49500000] [id=27904]
  0x0000016fb511efc0 WatcherThread "VM Periodic Task Thread" [stack: 0x0000006f4a000000,0x0000006f4a100000] [id=15128]
  0x0000016f8d221c10 WorkerThread "GC Thread#0" [stack: 0x0000006f48f00000,0x0000006f49000000] [id=24064]
  0x0000016f8d2326c0 ConcurrentGCThread "G1 Main Marker" [stack: 0x0000006f49000000,0x0000006f49100000] [id=9752]
  0x0000016f8d233210 WorkerThread "G1 Conc#0" [stack: 0x0000006f49100000,0x0000006f49200000] [id=17780]
  0x0000016f8d269ac0 ConcurrentGCThread "G1 Refine#0" [stack: 0x0000006f49200000,0x0000006f49300000] [id=8512]
  0x0000016f8d26a270 ConcurrentGCThread "G1 Service" [stack: 0x0000006f49300000,0x0000006f49400000] [id=6980]

Threads with active compile tasks:

VM state: not at safepoint (normal execution)

VM Mutex/Monitor currently owned by a thread: None

Heap address: 0x0000000704800000, size: 4024 MB, Compressed Oops mode: Zero based, Oop shift amount: 3

CDS archive(s) mapped at: [0x0000000800000000-0x0000000800ba0000-0x0000000800ba0000), size 12189696, SharedBaseAddress: 0x0000000800000000, ArchiveRelocationMode: 0.
Compressed class space mapped at: 0x0000000800c00000-0x0000000840c00000, reserved size: 1073741824
Narrow klass base: 0x0000000800000000, Narrow klass shift: 0, Narrow klass range: 0x100000000

GC Precious Log:
 CardTable entry size: 512
 Card Set container configuration: InlinePtr #cards 4 size 8 Array Of Cards #cards 16 size 48 Howl #buckets 8 coarsen threshold 3686 Howl Bitmap #cards 512 size 80 coarsen threshold 460 Card regions per heap region 1 cards per card region 4096
 CPUs: 20 total, 20 available
 Memory: 16095M
 Large Page Support: Disabled
 NUMA Support: Disabled
 Compressed Oops: Enabled (Zero based)
 Heap Region Size: 2M
 Heap Min Capacity: 8M
 Heap Initial Capacity: 252M
 Heap Max Capacity: 4024M
 Pre-touch: Disabled
 Parallel Workers: 15
 Concurrent Workers: 4
 Concurrent Refinement Workers: 15
 Periodic GC: Disabled

Heap:
 garbage-first heap   total 258048K, used 8192K [0x0000000704800000, 0x0000000800000000)
  region size 2048K, 5 young (10240K), 0 survivors (0K)
 Metaspace       used 3861K, committed 4096K, reserved 1114112K
  class space    used 181K, committed 320K, reserved 1048576K

Heap Regions: E=young(eden), S=young(survivor), O=old, HS=humongous(starts), HC=humongous(continues), CS=collection set, F=free, OA=open archive, CA=closed archive, TAMS=top-at-mark-start (previous, next)
|   0|0x0000000704800000, 0x0000000704800000, 0x0000000704a00000|  0%| F|  |TAMS 0x0000000704800000, 0x0000000704800000| Untracked 
|   1|0x0000000704a00000, 0x0000000704a00000, 0x0000000704c00000|  0%| F|  |TAMS 0x0000000704a00000, 0x0000000704a00000| Untracked 
|   2|0x0000000704c00000, 0x0000000704c00000, 0x0000000704e00000|  0%| F|  |TAMS 0x0000000704c00000, 0x0000000704c00000| Untracked 
|   3|0x0000000704e00000, 0x0000000704e00000, 0x0000000705000000|  0%| F|  |TAMS 0x0000000704e00000, 0x0000000704e00000| Untracked 
|   4|0x0000000705000000, 0x0000000705000000, 0x0000000705200000|  0%| F|  |TAMS 0x0000000705000000, 0x0000000705000000| Untracked 
|   5|0x0000000705200000, 0x0000000705200000, 0x0000000705400000|  0%| F|  |TAMS 0x0000000705200000, 0x0000000705200000| Untracked 
|   6|0x0000000705400000, 0x0000000705400000, 0x0000000705600000|  0%| F|  |TAMS 0x0000000705400000, 0x0000000705400000| Untracked 
|   7|0x0000000705600000, 0x0000000705600000, 0x0000000705800000|  0%| F|  |TAMS 0x0000000705600000, 0x0000000705600000| Untracked 
|   8|0x0000000705800000, 0x0000000705800000, 0x0000000705a00000|  0%| F|  |TAMS 0x0000000705800000, 0x0000000705800000| Untracked 
|   9|0x0000000705a00000, 0x0000000705a00000, 0x0000000705c00000|  0%| F|  |TAMS 0x0000000705a00000, 0x0000000705a00000| Untracked 
|  10|0x0000000705c00000, 0x0000000705c00000, 0x0000000705e00000|  0%| F|  |TAMS 0x0000000705c00000, 0x0000000705c00000| Untracked 
|  11|0x0000000705e00000, 0x0000000705e00000, 0x0000000706000000|  0%| F|  |TAMS 0x0000000705e00000, 0x0000000705e00000| Untracked 
|  12|0x0000000706000000, 0x0000000706000000, 0x0000000706200000|  0%| F|  |TAMS 0x0000000706000000, 0x0000000706000000| Untracked 
|  13|0x0000000706200000, 0x0000000706200000, 0x0000000706400000|  0%| F|  |TAMS 0x0000000706200000, 0x0000000706200000| Untracked 
|  14|0x0000000706400000, 0x0000000706400000, 0x0000000706600000|  0%| F|  |TAMS 0x0000000706400000, 0x0000000706400000| Untracked 
|  15|0x0000000706600000, 0x0000000706600000, 0x0000000706800000|  0%| F|  |TAMS 0x0000000706600000, 0x0000000706600000| Untracked 
|  16|0x0000000706800000, 0x0000000706800000, 0x0000000706a00000|  0%| F|  |TAMS 0x0000000706800000, 0x0000000706800000| Untracked 
|  17|0x0000000706a00000, 0x0000000706a00000, 0x0000000706c00000|  0%| F|  |TAMS 0x0000000706a00000, 0x0000000706a00000| Untracked 
|  18|0x0000000706c00000, 0x0000000706c00000, 0x0000000706e00000|  0%| F|  |TAMS 0x0000000706c00000, 0x0000000706c00000| Untracked 
|  19|0x0000000706e00000, 0x0000000706e00000, 0x0000000707000000|  0%| F|  |TAMS 0x0000000706e00000, 0x0000000706e00000| Untracked 
|  20|0x0000000707000000, 0x0000000707000000, 0x0000000707200000|  0%| F|  |TAMS 0x0000000707000000, 0x0000000707000000| Untracked 
|  21|0x0000000707200000, 0x0000000707200000, 0x0000000707400000|  0%| F|  |TAMS 0x0000000707200000, 0x0000000707200000| Untracked 
|  22|0x0000000707400000, 0x0000000707400000, 0x0000000707600000|  0%| F|  |TAMS 0x0000000707400000, 0x0000000707400000| Untracked 
|  23|0x0000000707600000, 0x0000000707600000, 0x0000000707800000|  0%| F|  |TAMS 0x0000000707600000, 0x0000000707600000| Untracked 
|  24|0x0000000707800000, 0x0000000707800000, 0x0000000707a00000|  0%| F|  |TAMS 0x0000000707800000, 0x0000000707800000| Untracked 
|  25|0x0000000707a00000, 0x0000000707a00000, 0x0000000707c00000|  0%| F|  |TAMS 0x0000000707a00000, 0x0000000707a00000| Untracked 
|  26|0x0000000707c00000, 0x0000000707c00000, 0x0000000707e00000|  0%| F|  |TAMS 0x0000000707c00000, 0x0000000707c00000| Untracked 
|  27|0x0000000707e00000, 0x0000000707e00000, 0x0000000708000000|  0%| F|  |TAMS 0x0000000707e00000, 0x0000000707e00000| Untracked 
|  28|0x0000000708000000, 0x0000000708000000, 0x0000000708200000|  0%| F|  |TAMS 0x0000000708000000, 0x0000000708000000| Untracked 
|  29|0x0000000708200000, 0x0000000708200000, 0x0000000708400000|  0%| F|  |TAMS 0x0000000708200000, 0x0000000708200000| Untracked 
|  30|0x0000000708400000, 0x0000000708400000, 0x0000000708600000|  0%| F|  |TAMS 0x0000000708400000, 0x0000000708400000| Untracked 
|  31|0x0000000708600000, 0x0000000708600000, 0x0000000708800000|  0%| F|  |TAMS 0x0000000708600000, 0x0000000708600000| Untracked 
|  32|0x0000000708800000, 0x0000000708800000, 0x0000000708a00000|  0%| F|  |TAMS 0x0000000708800000, 0x0000000708800000| Untracked 
|  33|0x0000000708a00000, 0x0000000708a00000, 0x0000000708c00000|  0%| F|  |TAMS 0x0000000708a00000, 0x0000000708a00000| Untracked 
|  34|0x0000000708c00000, 0x0000000708c00000, 0x0000000708e00000|  0%| F|  |TAMS 0x0000000708c00000, 0x0000000708c00000| Untracked 
|  35|0x0000000708e00000, 0x0000000708e00000, 0x0000000709000000|  0%| F|  |TAMS 0x0000000708e00000, 0x0000000708e00000| Untracked 
|  36|0x0000000709000000, 0x0000000709000000, 0x0000000709200000|  0%| F|  |TAMS 0x0000000709000000, 0x0000000709000000| Untracked 
|  37|0x0000000709200000, 0x0000000709200000, 0x0000000709400000|  0%| F|  |TAMS 0x0000000709200000, 0x0000000709200000| Untracked 
|  38|0x0000000709400000, 0x0000000709400000, 0x0000000709600000|  0%| F|  |TAMS 0x0000000709400000, 0x0000000709400000| Untracked 
|  39|0x0000000709600000, 0x0000000709600000, 0x0000000709800000|  0%| F|  |TAMS 0x0000000709600000, 0x0000000709600000| Untracked 
|  40|0x0000000709800000, 0x0000000709800000, 0x0000000709a00000|  0%| F|  |TAMS 0x0000000709800000, 0x0000000709800000| Untracked 
|  41|0x0000000709a00000, 0x0000000709a00000, 0x0000000709c00000|  0%| F|  |TAMS 0x0000000709a00000, 0x0000000709a00000| Untracked 
|  42|0x0000000709c00000, 0x0000000709c00000, 0x0000000709e00000|  0%| F|  |TAMS 0x0000000709c00000, 0x0000000709c00000| Untracked 
|  43|0x0000000709e00000, 0x0000000709e00000, 0x000000070a000000|  0%| F|  |TAMS 0x0000000709e00000, 0x0000000709e00000| Untracked 
|  44|0x000000070a000000, 0x000000070a000000, 0x000000070a200000|  0%| F|  |TAMS 0x000000070a000000, 0x000000070a000000| Untracked 
|  45|0x000000070a200000, 0x000000070a200000, 0x000000070a400000|  0%| F|  |TAMS 0x000000070a200000, 0x000000070a200000| Untracked 
|  46|0x000000070a400000, 0x000000070a400000, 0x000000070a600000|  0%| F|  |TAMS 0x000000070a400000, 0x000000070a400000| Untracked 
|  47|0x000000070a600000, 0x000000070a600000, 0x000000070a800000|  0%| F|  |TAMS 0x000000070a600000, 0x000000070a600000| Untracked 
|  48|0x000000070a800000, 0x000000070a800000, 0x000000070aa00000|  0%| F|  |TAMS 0x000000070a800000, 0x000000070a800000| Untracked 
|  49|0x000000070aa00000, 0x000000070aa00000, 0x000000070ac00000|  0%| F|  |TAMS 0x000000070aa00000, 0x000000070aa00000| Untracked 
|  50|0x000000070ac00000, 0x000000070ac00000, 0x000000070ae00000|  0%| F|  |TAMS 0x000000070ac00000, 0x000000070ac00000| Untracked 
|  51|0x000000070ae00000, 0x000000070ae00000, 0x000000070b000000|  0%| F|  |TAMS 0x000000070ae00000, 0x000000070ae00000| Untracked 
|  52|0x000000070b000000, 0x000000070b000000, 0x000000070b200000|  0%| F|  |TAMS 0x000000070b000000, 0x000000070b000000| Untracked 
|  53|0x000000070b200000, 0x000000070b200000, 0x000000070b400000|  0%| F|  |TAMS 0x000000070b200000, 0x000000070b200000| Untracked 
|  54|0x000000070b400000, 0x000000070b400000, 0x000000070b600000|  0%| F|  |TAMS 0x000000070b400000, 0x000000070b400000| Untracked 
|  55|0x000000070b600000, 0x000000070b600000, 0x000000070b800000|  0%| F|  |TAMS 0x000000070b600000, 0x000000070b600000| Untracked 
|  56|0x000000070b800000, 0x000000070b800000, 0x000000070ba00000|  0%| F|  |TAMS 0x000000070b800000, 0x000000070b800000| Untracked 
|  57|0x000000070ba00000, 0x000000070ba00000, 0x000000070bc00000|  0%| F|  |TAMS 0x000000070ba00000, 0x000000070ba00000| Untracked 
|  58|0x000000070bc00000, 0x000000070bc00000, 0x000000070be00000|  0%| F|  |TAMS 0x000000070bc00000, 0x000000070bc00000| Untracked 
|  59|0x000000070be00000, 0x000000070be00000, 0x000000070c000000|  0%| F|  |TAMS 0x000000070be00000, 0x000000070be00000| Untracked 
|  60|0x000000070c000000, 0x000000070c000000, 0x000000070c200000|  0%| F|  |TAMS 0x000000070c000000, 0x000000070c000000| Untracked 
|  61|0x000000070c200000, 0x000000070c200000, 0x000000070c400000|  0%| F|  |TAMS 0x000000070c200000, 0x000000070c200000| Untracked 
|  62|0x000000070c400000, 0x000000070c400000, 0x000000070c600000|  0%| F|  |TAMS 0x000000070c400000, 0x000000070c400000| Untracked 
|  63|0x000000070c600000, 0x000000070c600000, 0x000000070c800000|  0%| F|  |TAMS 0x000000070c600000, 0x000000070c600000| Untracked 
|  64|0x000000070c800000, 0x000000070c800000, 0x000000070ca00000|  0%| F|  |TAMS 0x000000070c800000, 0x000000070c800000| Untracked 
|  65|0x000000070ca00000, 0x000000070ca00000, 0x000000070cc00000|  0%| F|  |TAMS 0x000000070ca00000, 0x000000070ca00000| Untracked 
|  66|0x000000070cc00000, 0x000000070cc00000, 0x000000070ce00000|  0%| F|  |TAMS 0x000000070cc00000, 0x000000070cc00000| Untracked 
|  67|0x000000070ce00000, 0x000000070ce00000, 0x000000070d000000|  0%| F|  |TAMS 0x000000070ce00000, 0x000000070ce00000| Untracked 
|  68|0x000000070d000000, 0x000000070d000000, 0x000000070d200000|  0%| F|  |TAMS 0x000000070d000000, 0x000000070d000000| Untracked 
|  69|0x000000070d200000, 0x000000070d200000, 0x000000070d400000|  0%| F|  |TAMS 0x000000070d200000, 0x000000070d200000| Untracked 
|  70|0x000000070d400000, 0x000000070d400000, 0x000000070d600000|  0%| F|  |TAMS 0x000000070d400000, 0x000000070d400000| Untracked 
|  71|0x000000070d600000, 0x000000070d600000, 0x000000070d800000|  0%| F|  |TAMS 0x000000070d600000, 0x000000070d600000| Untracked 
|  72|0x000000070d800000, 0x000000070d800000, 0x000000070da00000|  0%| F|  |TAMS 0x000000070d800000, 0x000000070d800000| Untracked 
|  73|0x000000070da00000, 0x000000070da00000, 0x000000070dc00000|  0%| F|  |TAMS 0x000000070da00000, 0x000000070da00000| Untracked 
|  74|0x000000070dc00000, 0x000000070dc00000, 0x000000070de00000|  0%| F|  |TAMS 0x000000070dc00000, 0x000000070dc00000| Untracked 
|  75|0x000000070de00000, 0x000000070de00000, 0x000000070e000000|  0%| F|  |TAMS 0x000000070de00000, 0x000000070de00000| Untracked 
|  76|0x000000070e000000, 0x000000070e000000, 0x000000070e200000|  0%| F|  |TAMS 0x000000070e000000, 0x000000070e000000| Untracked 
|  77|0x000000070e200000, 0x000000070e200000, 0x000000070e400000|  0%| F|  |TAMS 0x000000070e200000, 0x000000070e200000| Untracked 
|  78|0x000000070e400000, 0x000000070e400000, 0x000000070e600000|  0%| F|  |TAMS 0x000000070e400000, 0x000000070e400000| Untracked 
|  79|0x000000070e600000, 0x000000070e600000, 0x000000070e800000|  0%| F|  |TAMS 0x000000070e600000, 0x000000070e600000| Untracked 
|  80|0x000000070e800000, 0x000000070e800000, 0x000000070ea00000|  0%| F|  |TAMS 0x000000070e800000, 0x000000070e800000| Untracked 
|  81|0x000000070ea00000, 0x000000070ea00000, 0x000000070ec00000|  0%| F|  |TAMS 0x000000070ea00000, 0x000000070ea00000| Untracked 
|  82|0x000000070ec00000, 0x000000070ec00000, 0x000000070ee00000|  0%| F|  |TAMS 0x000000070ec00000, 0x000000070ec00000| Untracked 
|  83|0x000000070ee00000, 0x000000070ee00000, 0x000000070f000000|  0%| F|  |TAMS 0x000000070ee00000, 0x000000070ee00000| Untracked 
|  84|0x000000070f000000, 0x000000070f000000, 0x000000070f200000|  0%| F|  |TAMS 0x000000070f000000, 0x000000070f000000| Untracked 
|  85|0x000000070f200000, 0x000000070f200000, 0x000000070f400000|  0%| F|  |TAMS 0x000000070f200000, 0x000000070f200000| Untracked 
|  86|0x000000070f400000, 0x000000070f400000, 0x000000070f600000|  0%| F|  |TAMS 0x000000070f400000, 0x000000070f400000| Untracked 
|  87|0x000000070f600000, 0x000000070f600000, 0x000000070f800000|  0%| F|  |TAMS 0x000000070f600000, 0x000000070f600000| Untracked 
|  88|0x000000070f800000, 0x000000070f800000, 0x000000070fa00000|  0%| F|  |TAMS 0x000000070f800000, 0x000000070f800000| Untracked 
|  89|0x000000070fa00000, 0x000000070fa00000, 0x000000070fc00000|  0%| F|  |TAMS 0x000000070fa00000, 0x000000070fa00000| Untracked 
|  90|0x000000070fc00000, 0x000000070fc00000, 0x000000070fe00000|  0%| F|  |TAMS 0x000000070fc00000, 0x000000070fc00000| Untracked 
|  91|0x000000070fe00000, 0x000000070fe00000, 0x0000000710000000|  0%| F|  |TAMS 0x000000070fe00000, 0x000000070fe00000| Untracked 
|  92|0x0000000710000000, 0x0000000710000000, 0x0000000710200000|  0%| F|  |TAMS 0x0000000710000000, 0x0000000710000000| Untracked 
|  93|0x0000000710200000, 0x0000000710200000, 0x0000000710400000|  0%| F|  |TAMS 0x0000000710200000, 0x0000000710200000| Untracked 
|  94|0x0000000710400000, 0x0000000710400000, 0x0000000710600000|  0%| F|  |TAMS 0x0000000710400000, 0x0000000710400000| Untracked 
|  95|0x0000000710600000, 0x0000000710600000, 0x0000000710800000|  0%| F|  |TAMS 0x0000000710600000, 0x0000000710600000| Untracked 
|  96|0x0000000710800000, 0x0000000710800000, 0x0000000710a00000|  0%| F|  |TAMS 0x0000000710800000, 0x0000000710800000| Untracked 
|  97|0x0000000710a00000, 0x0000000710a00000, 0x0000000710c00000|  0%| F|  |TAMS 0x0000000710a00000, 0x0000000710a00000| Untracked 
|  98|0x0000000710c00000, 0x0000000710c00000, 0x0000000710e00000|  0%| F|  |TAMS 0x0000000710c00000, 0x0000000710c00000| Untracked 
|  99|0x0000000710e00000, 0x0000000710e00000, 0x0000000711000000|  0%| F|  |TAMS 0x0000000710e00000, 0x0000000710e00000| Untracked 
| 100|0x0000000711000000, 0x0000000711000000, 0x0000000711200000|  0%| F|  |TAMS 0x0000000711000000, 0x0000000711000000| Untracked 
| 101|0x0000000711200000, 0x0000000711200000, 0x0000000711400000|  0%| F|  |TAMS 0x0000000711200000, 0x0000000711200000| Untracked 
| 102|0x0000000711400000, 0x0000000711400000, 0x0000000711600000|  0%| F|  |TAMS 0x0000000711400000, 0x0000000711400000| Untracked 
| 103|0x0000000711600000, 0x0000000711600000, 0x0000000711800000|  0%| F|  |TAMS 0x0000000711600000, 0x0000000711600000| Untracked 
| 104|0x0000000711800000, 0x0000000711800000, 0x0000000711a00000|  0%| F|  |TAMS 0x0000000711800000, 0x0000000711800000| Untracked 
| 105|0x0000000711a00000, 0x0000000711a00000, 0x0000000711c00000|  0%| F|  |TAMS 0x0000000711a00000, 0x0000000711a00000| Untracked 
| 106|0x0000000711c00000, 0x0000000711c00000, 0x0000000711e00000|  0%| F|  |TAMS 0x0000000711c00000, 0x0000000711c00000| Untracked 
| 107|0x0000000711e00000, 0x0000000711e00000, 0x0000000712000000|  0%| F|  |TAMS 0x0000000711e00000, 0x0000000711e00000| Untracked 
| 108|0x0000000712000000, 0x0000000712000000, 0x0000000712200000|  0%| F|  |TAMS 0x0000000712000000, 0x0000000712000000| Untracked 
| 109|0x0000000712200000, 0x0000000712200000, 0x0000000712400000|  0%| F|  |TAMS 0x0000000712200000, 0x0000000712200000| Untracked 
| 110|0x0000000712400000, 0x0000000712400000, 0x0000000712600000|  0%| F|  |TAMS 0x0000000712400000, 0x0000000712400000| Untracked 
| 111|0x0000000712600000, 0x0000000712600000, 0x0000000712800000|  0%| F|  |TAMS 0x0000000712600000, 0x0000000712600000| Untracked 
| 112|0x0000000712800000, 0x0000000712800000, 0x0000000712a00000|  0%| F|  |TAMS 0x0000000712800000, 0x0000000712800000| Untracked 
| 113|0x0000000712a00000, 0x0000000712a00000, 0x0000000712c00000|  0%| F|  |TAMS 0x0000000712a00000, 0x0000000712a00000| Untracked 
| 114|0x0000000712c00000, 0x0000000712c00000, 0x0000000712e00000|  0%| F|  |TAMS 0x0000000712c00000, 0x0000000712c00000| Untracked 
| 115|0x0000000712e00000, 0x0000000712e00000, 0x0000000713000000|  0%| F|  |TAMS 0x0000000712e00000, 0x0000000712e00000| Untracked 
| 116|0x0000000713000000, 0x0000000713000000, 0x0000000713200000|  0%| F|  |TAMS 0x0000000713000000, 0x0000000713000000| Untracked 
| 117|0x0000000713200000, 0x0000000713200000, 0x0000000713400000|  0%| F|  |TAMS 0x0000000713200000, 0x0000000713200000| Untracked 
| 118|0x0000000713400000, 0x0000000713400000, 0x0000000713600000|  0%| F|  |TAMS 0x0000000713400000, 0x0000000713400000| Untracked 
| 119|0x0000000713600000, 0x0000000713600000, 0x0000000713800000|  0%| F|  |TAMS 0x0000000713600000, 0x0000000713600000| Untracked 
| 120|0x0000000713800000, 0x0000000713800000, 0x0000000713a00000|  0%| F|  |TAMS 0x0000000713800000, 0x0000000713800000| Untracked 
| 121|0x0000000713a00000, 0x0000000713be84d0, 0x0000000713c00000| 95%| E|  |TAMS 0x0000000713a00000, 0x0000000713a00000| Complete 
| 122|0x0000000713c00000, 0x0000000713e00000, 0x0000000713e00000|100%| E|CS|TAMS 0x0000000713c00000, 0x0000000713c00000| Complete 
| 123|0x0000000713e00000, 0x0000000714000000, 0x0000000714000000|100%| E|CS|TAMS 0x0000000713e00000, 0x0000000713e00000| Complete 
| 124|0x0000000714000000, 0x0000000714200000, 0x0000000714200000|100%| E|CS|TAMS 0x0000000714000000, 0x0000000714000000| Complete 
| 125|0x0000000714200000, 0x0000000714400000, 0x0000000714400000|100%| E|CS|TAMS 0x0000000714200000, 0x0000000714200000| Complete 

Card table byte_map: [0x0000016fa4d60000,0x0000016fa5540000] _byte_map_base: 0x0000016fa153c000

Marking Bits (Prev, Next): (CMBitMap*) 0x0000016f8d222210, (CMBitMap*) 0x0000016f8d222250
 Prev Bits: [0x0000016fa5d20000, 0x0000016fa9c00000)
 Next Bits: [0x0000016fa9c00000, 0x0000016fadae0000)

Polling page: 0x0000016f8b0d0000

Metaspace:

Usage:
  Non-class:      3.59 MB used.
      Class:    181.24 KB used.
       Both:      3.77 MB used.

Virtual space:
  Non-class space:       64.00 MB reserved,       3.69 MB (  6%) committed,  1 nodes.
      Class space:        1.00 GB reserved,     320.00 KB ( <1%) committed,  1 nodes.
             Both:        1.06 GB reserved,       4.00 MB ( <1%) committed. 

Chunk freelists:
   Non-Class:  1.47 MB
       Class:  3.61 MB
        Both:  5.08 MB

MaxMetaspaceSize: unlimited
CompressedClassSpaceSize: 1.00 GB
Initial GC threshold: 21.00 MB
Current GC threshold: 21.00 MB
CDS: on
MetaspaceReclaimPolicy: balanced
 - commit_granule_bytes: 65536.
 - commit_granule_words: 8192.
 - virtual_space_node_default_size: 8388608.
 - enlarge_chunks_in_place: 1.
 - new_chunks_are_fully_committed: 0.
 - uncommit_free_chunks: 1.
 - use_allocation_guard: 0.


Internal statistics:

num_allocs_failed_limit: 0.
num_arena_births: 86.
num_arena_deaths: 0.
num_vsnodes_births: 2.
num_vsnodes_deaths: 0.
num_space_committed: 62.
num_space_uncommitted: 0.
num_chunks_returned_to_freelist: 0.
num_chunks_taken_from_freelist: 209.
num_chunk_merges: 0.
num_chunk_splits: 131.
num_chunks_enlarged: 92.
num_inconsistent_stats: 0.

CodeHeap 'non-profiled nmethods': size=119168Kb used=187Kb max_used=187Kb free=118980Kb
 bounds [0x0000016f9c680000, 0x0000016f9c8f0000, 0x0000016fa3ae0000]
CodeHeap 'profiled nmethods': size=119104Kb used=1012Kb max_used=1012Kb free=118092Kb
 bounds [0x0000016f95230000, 0x0000016f954a0000, 0x0000016f9c680000]
CodeHeap 'non-nmethods': size=7488Kb used=2692Kb max_used=2692Kb free=4795Kb
 bounds [0x0000016f94ae0000, 0x0000016f94d90000, 0x0000016f95230000]
 total_blobs=1668 nmethods=691 adapters=888
 compilation: enabled
              stopped_count=0, restarted_count=0
 full_count=0

Compilation events (20 events):
Event: 0.426 Thread 0x0000016fb53b99f0 nmethod 680 0x0000016f95327f10 code [0x0000016f953280c0, 0x0000016f95328448]
Event: 0.427 Thread 0x0000016fb53b99f0  683       3       java.util.zip.ZipUtils::CENSIZ (9 bytes)
Event: 0.427 Thread 0x0000016fb50e4ae0 nmethod 682 0x0000016f95328610 code [0x0000016f95328860, 0x0000016f953293f8]
Event: 0.427 Thread 0x0000016fb53b99f0 nmethod 683 0x0000016f95329810 code [0x0000016f953299c0, 0x0000016f95329c98]
Event: 0.428 Thread 0x0000016fb53b99f0  684       3       java.lang.String::getChars (54 bytes)
Event: 0.429 Thread 0x0000016fb50e4ae0  685       3       java.lang.StringLatin1::getChars (12 bytes)
Event: 0.429 Thread 0x0000016fb50e4ae0 nmethod 685 0x0000016f95329e10 code [0x0000016f95329fa0, 0x0000016f9532a0c8]
Event: 0.429 Thread 0x0000016fb53b99f0 nmethod 684 0x0000016f9532a190 code [0x0000016f9532a3c0, 0x0000016f9532aaf8]
Event: 0.432 Thread 0x0000016fb53b99f0  686       3       java.lang.String::indexOf (18 bytes)
Event: 0.432 Thread 0x0000016fb50e4ae0  687       3       java.lang.String::indexOf (113 bytes)
Event: 0.432 Thread 0x0000016fb53b99f0 nmethod 686 0x0000016f9532ae10 code [0x0000016f9532afe0, 0x0000016f9532b2a8]
Event: 0.432 Thread 0x0000016fb50e4ae0 nmethod 687 0x0000016f9532b410 code [0x0000016f9532b640, 0x0000016f9532bc68]
Event: 0.433 Thread 0x0000016fb50e4ae0  688       3       java.lang.String::indexOf (64 bytes)
Event: 0.433 Thread 0x0000016faffbb2d0  689       3       java.lang.StringLatin1::indexOf (25 bytes)
Event: 0.433 Thread 0x0000016faffbb2d0 nmethod 689 0x0000016f9532be10 code [0x0000016f9532bfc0, 0x0000016f9532c1c8]
Event: 0.433 Thread 0x0000016faffbb2d0  690       1       java.util.zip.ZipEntry::getSize (5 bytes)
Event: 0.433 Thread 0x0000016faffbb2d0 nmethod 690 0x0000016f9c6aea10 code [0x0000016f9c6aeba0, 0x0000016f9c6aec78]
Event: 0.433 Thread 0x0000016fb50e4ae0 nmethod 688 0x0000016f9532c290 code [0x0000016f9532c4a0, 0x0000016f9532c988]
Event: 0.433 Thread 0x0000016fb50e4ae0  691       3       sun.net.www.ParseUtil::encodePath (41 bytes)
Event: 0.433 Thread 0x0000016fb50e4ae0 nmethod 691 0x0000016f9532cb10 code [0x0000016f9532cce0, 0x0000016f9532cf48]

GC Heap History (0 events):
No events

Deoptimization events (8 events):
Event: 0.140 Thread 0x0000016fb5123cc0 DEOPT PACKING pc=0x0000016f9524afe7 sp=0x0000006f4a2fb7f0
Event: 0.140 Thread 0x0000016fb5123cc0 DEOPT UNPACKING pc=0x0000016f94b32b43 sp=0x0000006f4a2fac10 mode 0
Event: 0.171 Thread 0x0000016fb5123cc0 DEOPT PACKING pc=0x0000016f95237451 sp=0x0000006f4a2f82e0
Event: 0.171 Thread 0x0000016fb5123cc0 DEOPT UNPACKING pc=0x0000016f94b32b43 sp=0x0000006f4a2f7758 mode 0
Event: 0.364 Thread 0x0000016fb5123cc0 Uncommon trap: trap_request=0xffffff54 fr.pc=0x0000016f9c6aa060 relative=0x0000000000000060
Event: 0.364 Thread 0x0000016fb5123cc0 Uncommon trap: reason=speculate_null_assert action=make_not_entrant pc=0x0000016f9c6aa060 method=sun.misc.Unsafe.putLong(Ljava/lang/Object;JJ)V @ 7 c2
Event: 0.364 Thread 0x0000016fb5123cc0 DEOPT PACKING pc=0x0000016f9c6aa060 sp=0x0000006f4a2fee00
Event: 0.364 Thread 0x0000016fb5123cc0 DEOPT UNPACKING pc=0x0000016f94b323a3 sp=0x0000006f4a2fed78 mode 2

Classes loaded (20 events):
Event: 0.168 Loading class sun/misc/Unsafe
Event: 0.169 Loading class sun/misc/Unsafe done
Event: 0.169 Loading class java/lang/invoke/DirectMethodHandle$StaticAccessor
Event: 0.169 Loading class java/lang/invoke/DirectMethodHandle$StaticAccessor done
Event: 0.172 Loading class java/util/function/LongPredicate
Event: 0.172 Loading class java/util/function/LongPredicate done
Event: 0.173 Loading class jdk/internal/access/foreign/MemorySegmentProxy
Event: 0.174 Loading class jdk/internal/access/foreign/MemorySegmentProxy done
Event: 0.178 Loading class java/nio/InvalidMarkException
Event: 0.178 Loading class java/nio/InvalidMarkException done
Event: 0.178 Loading class java/nio/BufferUnderflowException
Event: 0.178 Loading class java/nio/BufferUnderflowException done
Event: 0.200 Loading class java/lang/NoSuchFieldError
Event: 0.200 Loading class java/lang/NoSuchFieldError done
Event: 0.205 Loading class jdk/internal/reflect/MethodHandleIntegerFieldAccessorImpl
Event: 0.205 Loading class jdk/internal/reflect/MethodHandleIntegerFieldAccessorImpl done
Event: 0.411 Loading class java/io/Externalizable
Event: 0.411 Loading class java/io/Externalizable done
Event: 0.437 Loading class java/nio/ByteBufferAsFloatBufferL
Event: 0.437 Loading class java/nio/ByteBufferAsFloatBufferL done

Classes unloaded (0 events):
No events

Classes redefined (0 events):
No events

Internal exceptions (20 events):
Event: 0.127 Thread 0x0000016fb5123cc0 Exception <a 'java/lang/NoSuchMethodError'{0x0000000713e319e8}: 'int java.lang.invoke.DirectMethodHandle$Holder.invokeSpecial(java.lang.Object, java.lang.Object, java.lang.Object)'> (0x0000000713e319e8) 
thrown [s\open\src\hotspot\share\interpreter\linkResolver.cpp, line 759]
Event: 0.132 Thread 0x0000016fb5123cc0 Exception <a 'java/lang/NoSuchMethodError'{0x0000000713e4c910}: 'void java.lang.System.loadLibrary(java.lang.String, java.lang.Class)'> (0x0000000713e4c910) 
thrown [s\open\src\hotspot\share\interpreter\linkResolver.cpp, line 759]
Event: 0.162 Thread 0x0000016fb5123cc0 Exception <a 'sun/nio/fs/WindowsException'{0x0000000713e98228}> (0x0000000713e98228) 
thrown [s\open\src\hotspot\share\prims\jni.cpp, line 516]
Event: 0.163 Thread 0x0000016fb5123cc0 Exception <a 'sun/nio/fs/WindowsException'{0x0000000713e98778}> (0x0000000713e98778) 
thrown [s\open\src\hotspot\share\prims\jni.cpp, line 516]
Event: 0.172 Thread 0x0000016fb5123cc0 Exception <a 'java/lang/NoSuchMethodError'{0x0000000713ecb558}: 'int java.lang.invoke.DirectMethodHandle$Holder.invokeStaticInit(java.lang.Object, java.lang.Object, int, long)'> (0x0000000713ecb558) 
thrown [s\open\src\hotspot\share\interpreter\linkResolver.cpp, line 759]
Event: 0.173 Thread 0x0000016fb5123cc0 Exception <a 'java/lang/NoSuchMethodError'{0x0000000713ed0e20}: 'java.lang.Object java.lang.invoke.DirectMethodHandle$Holder.newInvokeSpecial(java.lang.Object, java.lang.Object, int)'> (0x0000000713ed0e20) 
thrown [s\open\src\hotspot\share\interpreter\linkResolver.cpp, line 759]
Event: 0.175 Thread 0x0000016fb5123cc0 Exception <a 'java/lang/NoSuchMethodError'{0x0000000713ee07b0}: 'int java.lang.invoke.DirectMethodHandle$Holder.invokeStaticInit(java.lang.Object, java.lang.Object, long, long)'> (0x0000000713ee07b0) 
thrown [s\open\src\hotspot\share\interpreter\linkResolver.cpp, line 759]
Event: 0.176 Thread 0x0000016fb5123cc0 Exception <a 'java/lang/NoSuchMethodError'{0x0000000713ee69a0}: 'java.lang.Object java.lang.invoke.DirectMethodHandle$Holder.newInvokeSpecial(java.lang.Object, java.lang.Object, long)'> (0x0000000713ee69a0) 
thrown [s\open\src\hotspot\share\interpreter\linkResolver.cpp, line 759]
Event: 0.176 Thread 0x0000016fb5123cc0 Exception <a 'java/lang/NoSuchMethodError'{0x0000000713eea270}: 'java.lang.Object java.lang.invoke.Invokers$Holder.linkToTargetMethod(java.lang.Object, long, java.lang.Object)'> (0x0000000713eea270) 
thrown [s\open\src\hotspot\share\interpreter\linkResolver.cpp, line 759]
Event: 0.177 Thread 0x0000016fb5123cc0 Exception <a 'java/lang/NoSuchMethodError'{0x0000000713ef16e8}: 'int java.lang.invoke.DirectMethodHandle$Holder.invokeStaticInit(java.lang.Object, java.lang.Object, java.lang.Object, long)'> (0x0000000713ef16e8) 
thrown [s\open\src\hotspot\share\interpreter\linkResolver.cpp, line 759]
Event: 0.199 Thread 0x0000016fb5123cc0 Exception <a 'sun/nio/fs/WindowsException'{0x0000000713fa1400}> (0x0000000713fa1400) 
thrown [s\open\src\hotspot\share\prims\jni.cpp, line 516]
Event: 0.199 Thread 0x0000016fb5123cc0 Exception <a 'sun/nio/fs/WindowsException'{0x0000000713fa1760}> (0x0000000713fa1760) 
thrown [s\open\src\hotspot\share\prims\jni.cpp, line 516]
Event: 0.205 Thread 0x0000016fb5123cc0 Exception <a 'java/lang/NoSuchMethodError'{0x0000000713fb9740}: 'int java.lang.invoke.Invokers$Holder.invokeExact_MT(java.lang.Object, java.lang.Object)'> (0x0000000713fb9740) 
thrown [s\open\src\hotspot\share\interpreter\linkResolver.cpp, line 759]
Event: 0.295 Thread 0x0000016fb5123cc0 Exception <a 'java/lang/NoSuchMethodError'{0x0000000713c151e0}: 'void java.lang.invoke.DirectMethodHandle$Holder.invokeStatic(java.lang.Object, long, int, int)'> (0x0000000713c151e0) 
thrown [s\open\src\hotspot\share\interpreter\linkResolver.cpp, line 759]
Event: 0.327 Thread 0x0000016fb5123cc0 Exception <a 'java/lang/NoSuchMethodError'{0x0000000713c464d0}: 'void java.lang.System.load(java.lang.String, java.lang.Class)'> (0x0000000713c464d0) 
thrown [s\open\src\hotspot\share\interpreter\linkResolver.cpp, line 759]
Event: 0.328 Thread 0x0000016fb5123cc0 Exception <a 'java/lang/NoSuchMethodError'{0x0000000713c49360}: 'void java.lang.System.loadLibrary(java.lang.String, java.lang.Class)'> (0x0000000713c49360) 
thrown [s\open\src\hotspot\share\interpreter\linkResolver.cpp, line 759]
Event: 0.335 Thread 0x0000016fb5123cc0 Exception <a 'sun/nio/fs/WindowsException'{0x0000000713c595d0}> (0x0000000713c595d0) 
thrown [s\open\src\hotspot\share\prims\jni.cpp, line 516]
Event: 0.335 Thread 0x0000016fb5123cc0 Exception <a 'sun/nio/fs/WindowsException'{0x0000000713c59978}> (0x0000000713c59978) 
thrown [s\open\src\hotspot\share\prims\jni.cpp, line 516]
Event: 0.339 Thread 0x0000016fb5123cc0 Exception <a 'sun/nio/fs/WindowsException'{0x0000000713c60180}> (0x0000000713c60180) 
thrown [s\open\src\hotspot\share\prims\jni.cpp, line 516]
Event: 0.339 Thread 0x0000016fb5123cc0 Exception <a 'sun/nio/fs/WindowsException'{0x0000000713c60460}> (0x0000000713c60460) 
thrown [s\open\src\hotspot\share\prims\jni.cpp, line 516]

VM Operations (4 events):
Event: 0.060 Executing VM operation: HandshakeAllThreads
Event: 0.060 Executing VM operation: HandshakeAllThreads done
Event: 0.155 Executing VM operation: HandshakeAllThreads
Event: 0.155 Executing VM operation: HandshakeAllThreads done

Events (20 events):
Event: 0.024 Thread 0x0000016faffb5aa0 Thread added: 0x0000016faffb5aa0
Event: 0.024 Thread 0x0000016faffb6440 Thread added: 0x0000016faffb6440
Event: 0.024 Thread 0x0000016faffb6de0 Thread added: 0x0000016faffb6de0
Event: 0.024 Thread 0x0000016faffba9e0 Thread added: 0x0000016faffba9e0
Event: 0.025 Thread 0x0000016faffbb2d0 Thread added: 0x0000016faffbb2d0
Event: 0.025 Thread 0x0000016faffc3bd0 Thread added: 0x0000016faffc3bd0
Event: 0.041 Thread 0x0000016fb50e4ae0 Thread added: 0x0000016fb50e4ae0
Event: 0.044 Thread 0x0000016fb511c2d0 Thread added: 0x0000016fb511c2d0
Event: 0.047 Thread 0x0000016fb51233f0 Thread added: 0x0000016fb51233f0
Event: 0.050 Thread 0x0000016fb5123cc0 Thread added: 0x0000016fb5123cc0
Event: 0.050 Thread 0x0000016f8d1b23a0 Thread exited: 0x0000016f8d1b23a0
Event: 0.050 Thread 0x0000016f8d1b23a0 Thread added: 0x0000016f8d1b23a0
Event: 0.055 Loaded shared library C:\Program Files\Java\jdk-18.0.2.1\bin\net.dll
Event: 0.056 Loaded shared library C:\Program Files\Java\jdk-18.0.2.1\bin\nio.dll
Event: 0.060 Loaded shared library C:\Program Files\Java\jdk-18.0.2.1\bin\zip.dll
Event: 0.138 Loaded shared library C:\Program Files\Java\jdk-18.0.2.1\bin\jimage.dll
Event: 0.164 Loaded shared library C:\Users\justi\AppData\Local\Temp\lwjgljusti\3.3.1-build-7\lwjgl.dll
Event: 0.337 Loaded shared library C:\Users\justi\AppData\Local\Temp\lwjgljusti\3.3.1-build-7\lwjgl_opengl.dll
Event: 0.365 Thread 0x0000016fb53b99f0 Thread added: 0x0000016fb53b99f0
Event: 0.412 Loaded shared library C:\Program Files\Java\jdk-18.0.2.1\bin\verify.dll


Dynamic libraries:
0x00007ff6ac240000 - 0x00007ff6ac250000 	C:\Program Files\Java\jdk-18.0.2.1\bin\java.exe
0x00007ffdd5e90000 - 0x00007ffdd60a4000 	C:\windows\SYSTEM32\ntdll.dll
0x00007ffdd4890000 - 0x00007ffdd4952000 	C:\windows\System32\KERNEL32.DLL
0x00007ffdd3410000 - 0x00007ffdd37ac000 	C:\windows\System32\KERNELBASE.dll
0x00007ffdd32f0000 - 0x00007ffdd3401000 	C:\windows\System32\ucrtbase.dll
0x00007ffdcab90000 - 0x00007ffdcabaa000 	C:\Program Files\Java\jdk-18.0.2.1\bin\VCRUNTIME140.dll
0x00007ffdbbc60000 - 0x00007ffdbbc78000 	C:\Program Files\Java\jdk-18.0.2.1\bin\jli.dll
0x00007ffdd4960000 - 0x00007ffdd4a0e000 	C:\windows\System32\ADVAPI32.dll
0x00007ffdd4360000 - 0x00007ffdd4407000 	C:\windows\System32\msvcrt.dll
0x00007ffdd5da0000 - 0x00007ffdd5e44000 	C:\windows\System32\sechost.dll
0x00007ffdd4c00000 - 0x00007ffdd4d15000 	C:\windows\System32\RPCRT4.dll
0x00007ffdd4490000 - 0x00007ffdd463a000 	C:\windows\System32\USER32.dll
0x00007ffdd32c0000 - 0x00007ffdd32e6000 	C:\windows\System32\win32u.dll
0x00007ffdae940000 - 0x00007ffdaebce000 	C:\windows\WinSxS\amd64_microsoft.windows.common-controls_6595b64144ccf1df_6.0.22621.608_none_a9444ca7c10bb01d\COMCTL32.dll
0x00007ffdd3f40000 - 0x00007ffdd3f69000 	C:\windows\System32\GDI32.dll
0x00007ffdd3ab0000 - 0x00007ffdd3bc2000 	C:\windows\System32\gdi32full.dll
0x00007ffdd37b0000 - 0x00007ffdd384a000 	C:\windows\System32\msvcp_win.dll
0x00007ffdc76b0000 - 0x00007ffdc76ba000 	C:\windows\SYSTEM32\VERSION.dll
0x00007ffdd5c60000 - 0x00007ffdd5c91000 	C:\windows\System32\IMM32.DLL
0x00007ffdc76c0000 - 0x00007ffdc76cc000 	C:\Program Files\Java\jdk-18.0.2.1\bin\vcruntime140_1.dll
0x00007ffd92dd0000 - 0x00007ffd92e5d000 	C:\Program Files\Java\jdk-18.0.2.1\bin\msvcp140.dll
0x00007ffd4c4f0000 - 0x00007ffd4d101000 	C:\Program Files\Java\jdk-18.0.2.1\bin\server\jvm.dll
0x00007ffdd3f30000 - 0x00007ffdd3f38000 	C:\windows\System32\PSAPI.DLL
0x00007ffdcaef0000 - 0x00007ffdcaf24000 	C:\windows\SYSTEM32\WINMM.dll
0x00007ffdcaa10000 - 0x00007ffdcaa19000 	C:\windows\SYSTEM32\WSOCK32.dll
0x00007ffdd4410000 - 0x00007ffdd4481000 	C:\windows\System32\WS2_32.dll
0x00007ffdd23e0000 - 0x00007ffdd23f8000 	C:\windows\SYSTEM32\kernel.appcore.dll
0x00007ffdc7110000 - 0x00007ffdc711a000 	C:\Program Files\Java\jdk-18.0.2.1\bin\jimage.dll
0x00007ffdd1850000 - 0x00007ffdd1a7e000 	C:\windows\SYSTEM32\DBGHELP.DLL
0x00007ffdd3f70000 - 0x00007ffdd42f9000 	C:\windows\System32\combase.dll
0x00007ffdd3c90000 - 0x00007ffdd3d67000 	C:\windows\System32\OLEAUT32.dll
0x00007ffdb33e0000 - 0x00007ffdb3412000 	C:\windows\SYSTEM32\dbgcore.DLL
0x00007ffdd3850000 - 0x00007ffdd38cb000 	C:\windows\System32\bcryptPrimitives.dll
0x00007ffdbbba0000 - 0x00007ffdbbbc5000 	C:\Program Files\Java\jdk-18.0.2.1\bin\java.dll
0x00007ffd92c50000 - 0x00007ffd92d26000 	C:\Program Files\Java\jdk-18.0.2.1\bin\jsvml.dll
0x00007ffdd4e40000 - 0x00007ffdd561d000 	C:\windows\System32\SHELL32.dll
0x00007ffdd0e10000 - 0x00007ffdd16c7000 	C:\windows\SYSTEM32\windows.storage.dll
0x00007ffdd0cd0000 - 0x00007ffdd0e0d000 	C:\windows\SYSTEM32\wintypes.dll
0x00007ffdd3d70000 - 0x00007ffdd3e61000 	C:\windows\System32\SHCORE.dll
0x00007ffdd4a40000 - 0x00007ffdd4a9e000 	C:\windows\System32\shlwapi.dll
0x00007ffdd31f0000 - 0x00007ffdd3211000 	C:\windows\SYSTEM32\profapi.dll
0x00007ffdb78e0000 - 0x00007ffdb78f3000 	C:\Program Files\Java\jdk-18.0.2.1\bin\net.dll
0x00007ffdcd060000 - 0x00007ffdcd18f000 	C:\windows\SYSTEM32\WINHTTP.dll
0x00007ffdd2890000 - 0x00007ffdd28f9000 	C:\windows\system32\mswsock.dll
0x00007ffdb6fc0000 - 0x00007ffdb6fd6000 	C:\Program Files\Java\jdk-18.0.2.1\bin\nio.dll
0x00007ffdb6f70000 - 0x00007ffdb6f88000 	C:\Program Files\Java\jdk-18.0.2.1\bin\zip.dll
0x00007ffd9b400000 - 0x00007ffd9b475000 	C:\Users\justi\AppData\Local\Temp\lwjgljusti\3.3.1-build-7\lwjgl.dll
0x00007ffd92be0000 - 0x00007ffd92c41000 	C:\Users\justi\AppData\Local\Temp\lwjgljusti\3.3.1-build-7\glfw.dll
0x00007ffd92d80000 - 0x00007ffd92dc6000 	C:\windows\SYSTEM32\dinput8.dll
0x00007ffdb5450000 - 0x00007ffdb5461000 	C:\windows\SYSTEM32\xinput1_4.dll
0x00007ffdd2fb0000 - 0x00007ffdd2fff000 	C:\windows\SYSTEM32\cfgmgr32.dll
0x00007ffdd2f80000 - 0x00007ffdd2fac000 	C:\windows\SYSTEM32\DEVOBJ.dll
0x00007ffdd0660000 - 0x00007ffdd068b000 	C:\windows\SYSTEM32\dwmapi.dll
0x00007ffdb6410000 - 0x00007ffdb6611000 	C:\windows\SYSTEM32\inputhost.dll
0x00007ffdcfd80000 - 0x00007ffdcfeb3000 	C:\windows\SYSTEM32\CoreMessaging.dll
0x00007ffdd03d0000 - 0x00007ffdd047b000 	C:\windows\system32\uxtheme.dll
0x00007ffdd4d20000 - 0x00007ffdd4e3e000 	C:\windows\System32\MSCTF.dll
0x00007ffdd2af0000 - 0x00007ffdd2afc000 	C:\windows\SYSTEM32\CRYPTBASE.DLL
0x00007ffd694e0000 - 0x00007ffd695e0000 	C:\windows\SYSTEM32\opengl32.dll
0x00007ffd69260000 - 0x00007ffd6928d000 	C:\windows\SYSTEM32\GLU32.dll
0x00007ffdd04e0000 - 0x00007ffdd0516000 	C:\windows\SYSTEM32\dxcore.dll
0x00007ffdcb6b0000 - 0x00007ffdcb6f9000 	C:\windows\SYSTEM32\directxdatabasehelper.dll
0x00007ffdd4aa0000 - 0x00007ffdd4b57000 	C:\windows\System32\clbcatq.dll
0x00007ffd4ae50000 - 0x00007ffd4befe000 	C:\windows\System32\DriverStore\FileRepository\iigd_dch.inf_amd64_b9f9065242070baa\igxelpicd64.dll
0x00007ffdd5640000 - 0x00007ffdd57dc000 	C:\windows\System32\ole32.dll
0x00007ffdd0530000 - 0x00007ffdd0627000 	C:\windows\system32\dxgi.dll
0x00007ffd79c80000 - 0x00007ffd79da4000 	C:\windows\System32\DriverStore\FileRepository\iigd_dch.inf_amd64_b9f9065242070baa\igdml64.dll
0x00007ffdc7250000 - 0x00007ffdc765c000 	C:\windows\System32\DriverStore\FileRepository\iigd_dch.inf_amd64_b9f9065242070baa\igdgmm64.dll
0x00007ffdd38d0000 - 0x00007ffdd3939000 	C:\windows\System32\WINTRUST.dll
0x00007ffdd3940000 - 0x00007ffdd3aa6000 	C:\windows\System32\CRYPT32.dll
0x00007ffdd2f60000 - 0x00007ffdd2f72000 	C:\windows\SYSTEM32\MSASN1.dll
0x00007ffdc37a0000 - 0x00007ffdc6f4f000 	C:\windows\System32\DriverStore\FileRepository\iigd_dch.inf_amd64_b9f9065242070baa\igc64.dll
0x00007ffdd2200000 - 0x00007ffdd224d000 	C:\windows\SYSTEM32\powrprof.dll
0x00007ffdd21e0000 - 0x00007ffdd21f3000 	C:\windows\SYSTEM32\UMPDC.dll
0x00007ffdb6650000 - 0x00007ffdb677d000 	C:\windows\SYSTEM32\textinputframework.dll
0x00007ffdcaf30000 - 0x00007ffdcb29c000 	C:\windows\SYSTEM32\CoreUIComponents.dll
0x00007ffd80280000 - 0x00007ffd802dd000 	C:\Users\justi\AppData\Local\Temp\lwjgljusti\3.3.1-build-7\lwjgl_opengl.dll
0x00007ffdb78d0000 - 0x00007ffdb78e0000 	C:\Program Files\Java\jdk-18.0.2.1\bin\verify.dll

dbghelp: loaded successfully - version: 4.0.5 - missing functions: none
symbol engine: initialized successfully - sym options: 0x614 - pdb path: .;C:\Program Files\Java\jdk-18.0.2.1\bin;C:\windows\SYSTEM32;C:\windows\WinSxS\amd64_microsoft.windows.common-controls_6595b64144ccf1df_6.0.22621.608_none_a9444ca7c10bb01d;C:\Program Files\Java\jdk-18.0.2.1\bin\server;C:\Users\justi\AppData\Local\Temp\lwjgljusti\3.3.1-build-7;C:\windows\System32\DriverStore\FileRepository\iigd_dch.inf_amd64_b9f9065242070baa

VM Arguments:
jvm_args: -Dfile.encoding=windows-1252 -Duser.country=US -Duser.language=en -Duser.variant 
java_command: com.jkachele.simulation.Main
java_class_path (initial): C:\IntelijProjects\OpenGL-Compute-Shaders\build\classes\java\main;C:\IntelijProjects\OpenGL-Compute-Shaders\build\resources\main;C:\Users\justi\.gradle\caches\modules-2\files-2.1\org.lwjgl\lwjgl-assimp\3.3.1\312072f451794f25670aebb0160ce6ec88aff842\lwjgl-assimp-3.3.1.jar;C:\Users\justi\.gradle\caches\modules-2\files-2.1\org.lwjgl\lwjgl-assimp\3.3.1\bfa2a0d57acbf952b716d0ad8a3acbd7ad9f5639\lwjgl-assimp-3.3.1-natives-windows.jar;C:\Users\justi\.gradle\caches\modules-2\files-2.1\org.lwjgl\lwjgl-cuda\3.3.1\8b67bd7760450f890eade8f74bfaf0dca10821fe\lwjgl-cuda-3.3.1.jar;C:\Users\justi\.gradle\caches\modules-2\files-2.1\org.lwjgl\lwjgl-glfw\3.3.1\cbac1b8d30cb4795149c1ef540f912671a8616d0\lwjgl-glfw-3.3.1.jar;C:\Users\justi\.gradle\caches\modules-2\files-2.1\org.lwjgl\lwjgl-glfw\3.3.1\ed892f945cf7e79c8756796f32d00fa4ceaf573b\lwjgl-glfw-3.3.1-natives-windows.jar;C:\Users\justi\.gradle\caches\modules-2\files-2.1\org.lwjgl\lwjgl-libdivide\3.3.1\ed21d21e4f3d508908ef1a23d885e73983f244ea\lwjgl-libdivide-3.3.1.jar;C:\Users\justi\.gradle\caches\modules-2\files-2.1\org.lwjgl\lwjgl-libdivide\3.3.1\7c53f5a3d69c89ef57799170f2712de39d729b01\lwjgl-libdivide-3.3.1-natives-windows.jar;C:\Users\justi\.gradle\caches\modules-2\files-2.1\org.lwjgl\lwjgl-openal\3.3.1\2623a6b8ae1dfcd880738656a9f0243d2e6840bd\lwjgl-openal-3.3.1.jar;C:\Users\justi\.gradle\caches\modules-2\files-2.1\org.lwjgl\lwjgl-openal\3.3.1\30a474d0e57193d7bc128849a3ab66bc9316fdb1\lwjgl-openal-3.3.1-natives-windows.jar;C:\Users\justi\.gradle\caches\modules-2\files-2.1\org.lwjgl\lwjgl-opencl\3.3.1\8e9b00d310ef80ec4343ed709efb2ae77386014d\lwjgl-opencl-3.3.1.jar;C:\Users\justi\.gradle\caches\modules-2\files-2.1\org.lwjgl\lwjgl-opengl\3.3.1\831a5533a21a5f4f81bbc51bb13e9899319b5411\lwjgl-opengl-3.3.1.jar;C:\Users\justi\.gradle\caches\modules-2\files-2.1\org.lwjgl\lwjgl-opengl\3.3.1\c1807e9bd571402787d7e37e3029776ae2513bb8\lwjgl-opengl-3.3.1-natives-windows.jar;C:\Users\justi\.gradle\caches\modules-2\files-2.1\org.lwjgl\lwjgl-stb\3.3.1\b119297cf8ed01f247abe8685857f8e7fcf5980f\lwjgl-stb-3.3.1.jar;C:\Users\justi\.gradle\caches\modules-2\files-2.1\org.lwjgl\lwjgl-stb\3.3.1\86315914ac119efdb02dc9e8e978ade84f1702af\lwjgl-stb-3.3.1-natives-windows.jar;C:\Users\justi\.gradle\caches\modules-2\files-2.1\org.lwjgl\lwjgl\3.3.1\ae58664f88e18a9bb2c77b063833ca7aaec484cb\lwjgl-3.3.1.jar;C:\Users\justi\.gradle\caches\modules-2\files-2.1\org.lwjgl\lwjgl\3.3.1\36c37f16ab611b3aa11f3bcf80b1d509b4ce6b\lwjgl-3.3.1-natives-windows.jar;C:\Users\justi\.gradle\caches\modules-2\files-2.1\org.joml\joml\1.10.4\19cb0a0f0f8a938785ebd5b2a2268ea2e65dabae\joml-1.10.4.jar
Launcher Type: SUN_STANDARD

[Global flags]
     intx CICompilerCount                          = 12                                        {product} {ergonomic}
     uint ConcGCThreads                            = 4                                         {product} {ergonomic}
     uint G1ConcRefinementThreads                  = 15                                        {product} {ergonomic}
   size_t G1HeapRegionSize                         = 2097152                                   {product} {ergonomic}
    uintx GCDrainStackTargetSize                   = 64                                        {product} {ergonomic}
   size_t InitialHeapSize                          = 264241152                                 {product} {ergonomic}
   size_t MarkStackSize                            = 4194304                                   {product} {ergonomic}
   size_t MaxHeapSize                              = 4219469824                                {product} {ergonomic}
   size_t MaxNewSize                               = 2531262464                                {product} {ergonomic}
   size_t MinHeapDeltaBytes                        = 2097152                                   {product} {ergonomic}
   size_t MinHeapSize                              = 8388608                                   {product} {ergonomic}
    uintx NonNMethodCodeHeapSize                   = 7602480                                {pd product} {ergonomic}
    uintx NonProfiledCodeHeapSize                  = 122027880                              {pd product} {ergonomic}
    uintx ProfiledCodeHeapSize                     = 122027880                              {pd product} {ergonomic}
    uintx ReservedCodeCacheSize                    = 251658240                              {pd product} {ergonomic}
     bool SegmentedCodeCache                       = true                                      {product} {ergonomic}
   size_t SoftMaxHeapSize                          = 4219469824                             {manageable} {ergonomic}
     bool UseCompressedClassPointers               = true                           {product lp64_product} {ergonomic}
     bool UseCompressedOops                        = true                           {product lp64_product} {ergonomic}
     bool UseG1GC                                  = true                                      {product} {ergonomic}
     bool UseLargePagesIndividualAllocation        = false                                  {pd product} {ergonomic}

Logging:
Log output configuration:
 #0: stdout all=warning uptime,level,tags foldmultilines=false
 #1: stderr all=off uptime,level,tags foldmultilines=false

Environment Variables:
PATH=C:\Program Files (x86)\NVIDIA Corporation\PhysX\Common;C:\Program Files\Common Files\Oracle\Java\javapath;C:\windows\system32;C:\windows;C:\windows\System32\Wbem;C:\windows\System32\WindowsPowerShell\v1.0\;C:\windows\System32\OpenSSH\;C:\Program Files\Git\cmd;C:\Program Files\PuTTY\;C:\Program Files (x86)\Windows Kits\8.1\Windows Performance Toolkit\;C:\Program Files\MATLAB\R2022b\bin;C:\Users\justi\AppData\Local\Microsoft\WindowsApps;C:\Users\justi\AppData\Local\JetBrains\Toolbox\scripts;
USERNAME=justi
OS=Windows_NT
PROCESSOR_IDENTIFIER=Intel64 Family 6 Model 154 Stepping 3, GenuineIntel



---------------  S Y S T E M  ---------------

OS:
 Windows 11 , 64 bit Build 22621 (10.0.22621.608)
OS uptime: 6 days 5:33 hours
Hyper-V role detected

CPU: total 20 (initial active 20) (10 cores per cpu, 2 threads per core) family 6 model 154 stepping 3 microcode 0x41e, cx8, cmov, fxsr, ht, mmx, 3dnowpref, sse, sse2, sse3, ssse3, sse4.1, sse4.2, popcnt, lzcnt, tsc, tscinvbit, avx, avx2, aes, erms, clmul, bmi1, bmi2, adx, sha, fma, vzeroupper, clflush, clflushopt, clwb, hv, serialize

Memory: 4k page, system-wide physical 16095M (5530M free)
TotalPageFile size 22207M (AvailPageFile size 2228M)
current process WorkingSet (physical memory assigned to process): 154M, peak: 154M
current process commit charge ("private bytes"): 404M, peak: 404M

vm_info: Java HotSpot(TM) 64-Bit Server VM (18.0.2.1+1-1) for windows-amd64 JRE (18.0.2.1+1-1), built on Aug 16 2022 01:46:33 by "mach5one" with MS VC++ 16.8 / 16.9 (VS2019)

END.
